SF:/home/paul/development/ds323x-rs/src/ds3231.rs
FN:12,_RNvMNtCshp8WEvMCFLY_6ds323x6ds3231INtB4_6Ds323xINtNtB4_9interface12I2cInterfaceINtNtCscnC7d4ZmEvv_17embedded_hal_mock6common7GenericNtNtNtB1k_3eh13i2c11TransactionEENtNtB4_2ic6DS3231E10new_ds3231CsesRqBrt6Vrf_6alarms
FN:23,_RNvMNtCshp8WEvMCFLY_6ds323x6ds3231INtB4_6Ds323xINtNtB4_9interface12I2cInterfaceINtNtCscnC7d4ZmEvv_17embedded_hal_mock6common7GenericNtNtNtB1k_3eh13i2c11TransactionEENtNtB4_2ic6DS3231E14destroy_ds3231CsesRqBrt6Vrf_6alarms
FN:12,_RNvMNtCshp8WEvMCFLY_6ds323x6ds3231INtB4_6Ds323xINtNtB4_9interface12I2cInterfacepENtNtB4_2ic6DS3231E10new_ds3231B4_
FN:23,_RNvMNtCshp8WEvMCFLY_6ds323x6ds3231INtB4_6Ds323xINtNtB4_9interface12I2cInterfacepENtNtB4_2ic6DS3231E14destroy_ds3231B4_
FN:12,_RNvMNtCshp8WEvMCFLY_6ds323x6ds3231INtB4_6Ds323xINtNtB4_9interface12I2cInterfaceINtNtCscnC7d4ZmEvv_17embedded_hal_mock6common7GenericNtNtNtB1k_3eh13i2c11TransactionEENtNtB4_2ic6DS3231E10new_ds3231CstlhY7MGOLb_13configuration
FN:23,_RNvMNtCshp8WEvMCFLY_6ds323x6ds3231INtB4_6Ds323xINtNtB4_9interface12I2cInterfaceINtNtCscnC7d4ZmEvv_17embedded_hal_mock6common7GenericNtNtNtB1k_3eh13i2c11TransactionEENtNtB4_2ic6DS3231E14destroy_ds3231CstlhY7MGOLb_13configuration
FN:12,_RNvMNtCshp8WEvMCFLY_6ds323x6ds3231INtB4_6Ds323xINtNtB4_9interface12I2cInterfaceINtNtCscnC7d4ZmEvv_17embedded_hal_mock6common7GenericNtNtNtB1k_3eh13i2c11TransactionEENtNtB4_2ic6DS3231E10new_ds3231CsaQrg03CPhtT_12construction
FN:23,_RNvMNtCshp8WEvMCFLY_6ds323x6ds3231INtB4_6Ds323xINtNtB4_9interface12I2cInterfaceINtNtCscnC7d4ZmEvv_17embedded_hal_mock6common7GenericNtNtNtB1k_3eh13i2c11TransactionEENtNtB4_2ic6DS3231E14destroy_ds3231CsaQrg03CPhtT_12construction
FN:12,_RNvMNtCshp8WEvMCFLY_6ds323x6ds3231INtB4_6Ds323xINtNtB4_9interface12I2cInterfaceINtNtCscnC7d4ZmEvv_17embedded_hal_mock6common7GenericNtNtNtB1k_3eh13i2c11TransactionEENtNtB4_2ic6DS3231E10new_ds3231Csf5dsBaarwEj_8datetime
FN:23,_RNvMNtCshp8WEvMCFLY_6ds323x6ds3231INtB4_6Ds323xINtNtB4_9interface12I2cInterfaceINtNtCscnC7d4ZmEvv_17embedded_hal_mock6common7GenericNtNtNtB1k_3eh13i2c11TransactionEENtNtB4_2ic6DS3231E14destroy_ds3231Csf5dsBaarwEj_8datetime
FN:12,_RNvMNtCs2wcMRR3yjZe_6ds323x6ds3231INtB4_6Ds323xINtNtB4_9interface12I2cInterfacepENtNtB4_2ic6DS3231E10new_ds3231B4_
FN:23,_RNvMNtCs2wcMRR3yjZe_6ds323x6ds3231INtB4_6Ds323xINtNtB4_9interface12I2cInterfacepENtNtB4_2ic6DS3231E14destroy_ds3231B4_
FN:12,_RNvMNtCshp8WEvMCFLY_6ds323x6ds3231INtB4_6Ds323xINtNtB4_9interface12I2cInterfaceINtNtCscnC7d4ZmEvv_17embedded_hal_mock6common7GenericNtNtNtB1k_3eh13i2c11TransactionEENtNtB4_2ic6DS3231E10new_ds3231CsNizRT5xsIC_6status
FN:23,_RNvMNtCshp8WEvMCFLY_6ds323x6ds3231INtB4_6Ds323xINtNtB4_9interface12I2cInterfaceINtNtCscnC7d4ZmEvv_17embedded_hal_mock6common7GenericNtNtNtB1k_3eh13i2c11TransactionEENtNtB4_2ic6DS3231E14destroy_ds3231CsNizRT5xsIC_6status
FNDA:86,_RNvMNtCshp8WEvMCFLY_6ds323x6ds3231INtB4_6Ds323xINtNtB4_9interface12I2cInterfaceINtNtCscnC7d4ZmEvv_17embedded_hal_mock6common7GenericNtNtNtB1k_3eh13i2c11TransactionEENtNtB4_2ic6DS3231E10new_ds3231CsesRqBrt6Vrf_6alarms
FNDA:86,_RNvMNtCshp8WEvMCFLY_6ds323x6ds3231INtB4_6Ds323xINtNtB4_9interface12I2cInterfaceINtNtCscnC7d4ZmEvv_17embedded_hal_mock6common7GenericNtNtNtB1k_3eh13i2c11TransactionEENtNtB4_2ic6DS3231E14destroy_ds3231CsesRqBrt6Vrf_6alarms
FNDA:0,_RNvMNtCshp8WEvMCFLY_6ds323x6ds3231INtB4_6Ds323xINtNtB4_9interface12I2cInterfacepENtNtB4_2ic6DS3231E10new_ds3231B4_
FNDA:0,_RNvMNtCshp8WEvMCFLY_6ds323x6ds3231INtB4_6Ds323xINtNtB4_9interface12I2cInterfacepENtNtB4_2ic6DS3231E14destroy_ds3231B4_
FNDA:25,_RNvMNtCshp8WEvMCFLY_6ds323x6ds3231INtB4_6Ds323xINtNtB4_9interface12I2cInterfaceINtNtCscnC7d4ZmEvv_17embedded_hal_mock6common7GenericNtNtNtB1k_3eh13i2c11TransactionEENtNtB4_2ic6DS3231E10new_ds3231CstlhY7MGOLb_13configuration
FNDA:25,_RNvMNtCshp8WEvMCFLY_6ds323x6ds3231INtB4_6Ds323xINtNtB4_9interface12I2cInterfaceINtNtCscnC7d4ZmEvv_17embedded_hal_mock6common7GenericNtNtNtB1k_3eh13i2c11TransactionEENtNtB4_2ic6DS3231E14destroy_ds3231CstlhY7MGOLb_13configuration
FNDA:1,_RNvMNtCshp8WEvMCFLY_6ds323x6ds3231INtB4_6Ds323xINtNtB4_9interface12I2cInterfaceINtNtCscnC7d4ZmEvv_17embedded_hal_mock6common7GenericNtNtNtB1k_3eh13i2c11TransactionEENtNtB4_2ic6DS3231E10new_ds3231CsaQrg03CPhtT_12construction
FNDA:1,_RNvMNtCshp8WEvMCFLY_6ds323x6ds3231INtB4_6Ds323xINtNtB4_9interface12I2cInterfaceINtNtCscnC7d4ZmEvv_17embedded_hal_mock6common7GenericNtNtNtB1k_3eh13i2c11TransactionEENtNtB4_2ic6DS3231E14destroy_ds3231CsaQrg03CPhtT_12construction
FNDA:48,_RNvMNtCshp8WEvMCFLY_6ds323x6ds3231INtB4_6Ds323xINtNtB4_9interface12I2cInterfaceINtNtCscnC7d4ZmEvv_17embedded_hal_mock6common7GenericNtNtNtB1k_3eh13i2c11TransactionEENtNtB4_2ic6DS3231E10new_ds3231Csf5dsBaarwEj_8datetime
FNDA:48,_RNvMNtCshp8WEvMCFLY_6ds323x6ds3231INtB4_6Ds323xINtNtB4_9interface12I2cInterfaceINtNtCscnC7d4ZmEvv_17embedded_hal_mock6common7GenericNtNtNtB1k_3eh13i2c11TransactionEENtNtB4_2ic6DS3231E14destroy_ds3231Csf5dsBaarwEj_8datetime
FNDA:0,_RNvMNtCs2wcMRR3yjZe_6ds323x6ds3231INtB4_6Ds323xINtNtB4_9interface12I2cInterfacepENtNtB4_2ic6DS3231E10new_ds3231B4_
FNDA:0,_RNvMNtCs2wcMRR3yjZe_6ds323x6ds3231INtB4_6Ds323xINtNtB4_9interface12I2cInterfacepENtNtB4_2ic6DS3231E14destroy_ds3231B4_
FNDA:13,_RNvMNtCshp8WEvMCFLY_6ds323x6ds3231INtB4_6Ds323xINtNtB4_9interface12I2cInterfaceINtNtCscnC7d4ZmEvv_17embedded_hal_mock6common7GenericNtNtNtB1k_3eh13i2c11TransactionEENtNtB4_2ic6DS3231E10new_ds3231CsNizRT5xsIC_6status
FNDA:13,_RNvMNtCshp8WEvMCFLY_6ds323x6ds3231INtB4_6Ds323xINtNtB4_9interface12I2cInterfaceINtNtCscnC7d4ZmEvv_17embedded_hal_mock6common7GenericNtNtNtB1k_3eh13i2c11TransactionEENtNtB4_2ic6DS3231E14destroy_ds3231CsNizRT5xsIC_6status
FNF:2
FNH:2
DA:12,173
DA:14,173
DA:15,173
DA:16,173
DA:17,173
DA:18,173
DA:19,173
DA:20,173
DA:23,173
DA:24,173
DA:25,173
BRF:0
BRH:0
LF:11
LH:11
end_of_record
SF:/home/paul/development/ds323x-rs/src/ds3232.rs
FN:14,_RNvMNtCshp8WEvMCFLY_6ds323x6ds3232INtB4_6Ds323xINtNtB4_9interface12I2cInterfaceINtNtCscnC7d4ZmEvv_17embedded_hal_mock6common7GenericNtNtNtB1k_3eh13i2c11TransactionEENtNtB4_2ic6DS3232E10new_ds3232CsesRqBrt6Vrf_6alarms
FN:25,_RNvMNtCshp8WEvMCFLY_6ds323x6ds3232INtB4_6Ds323xINtNtB4_9interface12I2cInterfaceINtNtCscnC7d4ZmEvv_17embedded_hal_mock6common7GenericNtNtNtB1k_3eh13i2c11TransactionEENtNtB4_2ic6DS3232E14destroy_ds3232CsesRqBrt6Vrf_6alarms
FN:14,_RNvMNtCshp8WEvMCFLY_6ds323x6ds3232INtB4_6Ds323xINtNtB4_9interface12I2cInterfacepENtNtB4_2ic6DS3232E10new_ds3232B4_
FN:25,_RNvMNtCshp8WEvMCFLY_6ds323x6ds3232INtB4_6Ds323xINtNtB4_9interface12I2cInterfacepENtNtB4_2ic6DS3232E14destroy_ds3232B4_
FN:35,_RNvMNtCshp8WEvMCFLY_6ds323x6ds3232INtB4_6Ds323xINtNtB4_9interface12I2cInterfacepENtNtB4_2ic6DS3232E30enable_32khz_output_on_batteryB4_
FN:46,_RNvMNtCshp8WEvMCFLY_6ds323x6ds3232INtB4_6Ds323xINtNtB4_9interface12I2cInterfacepENtNtB4_2ic6DS3232E31disable_32khz_output_on_batteryB4_
FN:58,_RNvMNtCshp8WEvMCFLY_6ds323x6ds3232INtB4_6Ds323xINtNtB4_9interface12I2cInterfacepENtNtB4_2ic6DS3232E31set_temperature_conversion_rateB4_
FN:14,_RNvMNtCshp8WEvMCFLY_6ds323x6ds3232INtB4_6Ds323xINtNtB4_9interface12I2cInterfaceINtNtCscnC7d4ZmEvv_17embedded_hal_mock6common7GenericNtNtNtB1k_3eh13i2c11TransactionEENtNtB4_2ic6DS3232E10new_ds3232CstlhY7MGOLb_13configuration
FN:25,_RNvMNtCshp8WEvMCFLY_6ds323x6ds3232INtB4_6Ds323xINtNtB4_9interface12I2cInterfaceINtNtCscnC7d4ZmEvv_17embedded_hal_mock6common7GenericNtNtNtB1k_3eh13i2c11TransactionEENtNtB4_2ic6DS3232E14destroy_ds3232CstlhY7MGOLb_13configuration
FN:14,_RNvMNtCshp8WEvMCFLY_6ds323x6ds3232INtB4_6Ds323xINtNtB4_9interface12I2cInterfaceINtNtCscnC7d4ZmEvv_17embedded_hal_mock6common7GenericNtNtNtB1k_3eh13i2c11TransactionEENtNtB4_2ic6DS3232E10new_ds3232CsaQrg03CPhtT_12construction
FN:25,_RNvMNtCshp8WEvMCFLY_6ds323x6ds3232INtB4_6Ds323xINtNtB4_9interface12I2cInterfaceINtNtCscnC7d4ZmEvv_17embedded_hal_mock6common7GenericNtNtNtB1k_3eh13i2c11TransactionEENtNtB4_2ic6DS3232E14destroy_ds3232CsaQrg03CPhtT_12construction
FN:14,_RNvMNtCshp8WEvMCFLY_6ds323x6ds3232INtB4_6Ds323xINtNtB4_9interface12I2cInterfaceINtNtCscnC7d4ZmEvv_17embedded_hal_mock6common7GenericNtNtNtB1k_3eh13i2c11TransactionEENtNtB4_2ic6DS3232E10new_ds3232Csf5dsBaarwEj_8datetime
FN:25,_RNvMNtCshp8WEvMCFLY_6ds323x6ds3232INtB4_6Ds323xINtNtB4_9interface12I2cInterfaceINtNtCscnC7d4ZmEvv_17embedded_hal_mock6common7GenericNtNtNtB1k_3eh13i2c11TransactionEENtNtB4_2ic6DS3232E14destroy_ds3232Csf5dsBaarwEj_8datetime
FN:14,_RNvMNtCshp8WEvMCFLY_6ds323x6ds3232INtB4_6Ds323xINtNtB4_9interface12I2cInterfaceINtNtCscnC7d4ZmEvv_17embedded_hal_mock6common7GenericNtNtNtB1k_3eh13i2c11TransactionEENtNtB4_2ic6DS3232E10new_ds3232CsiFCoyleaSby_8ds3232_4
FN:25,_RNvMNtCshp8WEvMCFLY_6ds323x6ds3232INtB4_6Ds323xINtNtB4_9interface12I2cInterfaceINtNtCscnC7d4ZmEvv_17embedded_hal_mock6common7GenericNtNtNtB1k_3eh13i2c11TransactionEENtNtB4_2ic6DS3232E14destroy_ds3232CsiFCoyleaSby_8ds3232_4
FN:35,_RNvMNtCshp8WEvMCFLY_6ds323x6ds3232INtB4_6Ds323xINtNtB4_9interface12I2cInterfaceINtNtCscnC7d4ZmEvv_17embedded_hal_mock6common7GenericNtNtNtB1k_3eh13i2c11TransactionEENtNtB4_2ic6DS3232E30enable_32khz_output_on_batteryCsiFCoyleaSby_8ds3232_4
FN:46,_RNvMNtCshp8WEvMCFLY_6ds323x6ds3232INtB4_6Ds323xINtNtB4_9interface12I2cInterfaceINtNtCscnC7d4ZmEvv_17embedded_hal_mock6common7GenericNtNtNtB1k_3eh13i2c11TransactionEENtNtB4_2ic6DS3232E31disable_32khz_output_on_batteryCsiFCoyleaSby_8ds3232_4
FN:58,_RNvMNtCshp8WEvMCFLY_6ds323x6ds3232INtB4_6Ds323xINtNtB4_9interface12I2cInterfaceINtNtCscnC7d4ZmEvv_17embedded_hal_mock6common7GenericNtNtNtB1k_3eh13i2c11TransactionEENtNtB4_2ic6DS3232E31set_temperature_conversion_rateCsiFCoyleaSby_8ds3232_4
FN:14,_RNvMNtCs2wcMRR3yjZe_6ds323x6ds3232INtB4_6Ds323xINtNtB4_9interface12I2cInterfacepENtNtB4_2ic6DS3232E10new_ds3232B4_
FN:25,_RNvMNtCs2wcMRR3yjZe_6ds323x6ds3232INtB4_6Ds323xINtNtB4_9interface12I2cInterfacepENtNtB4_2ic6DS3232E14destroy_ds3232B4_
FN:35,_RNvMNtCs2wcMRR3yjZe_6ds323x6ds3232INtB4_6Ds323xINtNtB4_9interface12I2cInterfacepENtNtB4_2ic6DS3232E30enable_32khz_output_on_batteryB4_
FN:46,_RNvMNtCs2wcMRR3yjZe_6ds323x6ds3232INtB4_6Ds323xINtNtB4_9interface12I2cInterfacepENtNtB4_2ic6DS3232E31disable_32khz_output_on_batteryB4_
FN:58,_RNvMNtCs2wcMRR3yjZe_6ds323x6ds3232INtB4_6Ds323xINtNtB4_9interface12I2cInterfacepENtNtB4_2ic6DS3232E31set_temperature_conversion_rateB4_
FN:14,_RNvMNtCshp8WEvMCFLY_6ds323x6ds3232INtB4_6Ds323xINtNtB4_9interface12I2cInterfaceINtNtCscnC7d4ZmEvv_17embedded_hal_mock6common7GenericNtNtNtB1k_3eh13i2c11TransactionEENtNtB4_2ic6DS3232E10new_ds3232CsNizRT5xsIC_6status
FN:25,_RNvMNtCshp8WEvMCFLY_6ds323x6ds3232INtB4_6Ds323xINtNtB4_9interface12I2cInterfaceINtNtCscnC7d4ZmEvv_17embedded_hal_mock6common7GenericNtNtNtB1k_3eh13i2c11TransactionEENtNtB4_2ic6DS3232E14destroy_ds3232CsNizRT5xsIC_6status
FNDA:86,_RNvMNtCshp8WEvMCFLY_6ds323x6ds3232INtB4_6Ds323xINtNtB4_9interface12I2cInterfaceINtNtCscnC7d4ZmEvv_17embedded_hal_mock6common7GenericNtNtNtB1k_3eh13i2c11TransactionEENtNtB4_2ic6DS3232E10new_ds3232CsesRqBrt6Vrf_6alarms
FNDA:86,_RNvMNtCshp8WEvMCFLY_6ds323x6ds3232INtB4_6Ds323xINtNtB4_9interface12I2cInterfaceINtNtCscnC7d4ZmEvv_17embedded_hal_mock6common7GenericNtNtNtB1k_3eh13i2c11TransactionEENtNtB4_2ic6DS3232E14destroy_ds3232CsesRqBrt6Vrf_6alarms
FNDA:0,_RNvMNtCshp8WEvMCFLY_6ds323x6ds3232INtB4_6Ds323xINtNtB4_9interface12I2cInterfacepENtNtB4_2ic6DS3232E10new_ds3232B4_
FNDA:0,_RNvMNtCshp8WEvMCFLY_6ds323x6ds3232INtB4_6Ds323xINtNtB4_9interface12I2cInterfacepENtNtB4_2ic6DS3232E14destroy_ds3232B4_
FNDA:0,_RNvMNtCshp8WEvMCFLY_6ds323x6ds3232INtB4_6Ds323xINtNtB4_9interface12I2cInterfacepENtNtB4_2ic6DS3232E30enable_32khz_output_on_batteryB4_
FNDA:0,_RNvMNtCshp8WEvMCFLY_6ds323x6ds3232INtB4_6Ds323xINtNtB4_9interface12I2cInterfacepENtNtB4_2ic6DS3232E31disable_32khz_output_on_batteryB4_
FNDA:0,_RNvMNtCshp8WEvMCFLY_6ds323x6ds3232INtB4_6Ds323xINtNtB4_9interface12I2cInterfacepENtNtB4_2ic6DS3232E31set_temperature_conversion_rateB4_
FNDA:25,_RNvMNtCshp8WEvMCFLY_6ds323x6ds3232INtB4_6Ds323xINtNtB4_9interface12I2cInterfaceINtNtCscnC7d4ZmEvv_17embedded_hal_mock6common7GenericNtNtNtB1k_3eh13i2c11TransactionEENtNtB4_2ic6DS3232E10new_ds3232CstlhY7MGOLb_13configuration
FNDA:25,_RNvMNtCshp8WEvMCFLY_6ds323x6ds3232INtB4_6Ds323xINtNtB4_9interface12I2cInterfaceINtNtCscnC7d4ZmEvv_17embedded_hal_mock6common7GenericNtNtNtB1k_3eh13i2c11TransactionEENtNtB4_2ic6DS3232E14destroy_ds3232CstlhY7MGOLb_13configuration
FNDA:1,_RNvMNtCshp8WEvMCFLY_6ds323x6ds3232INtB4_6Ds323xINtNtB4_9interface12I2cInterfaceINtNtCscnC7d4ZmEvv_17embedded_hal_mock6common7GenericNtNtNtB1k_3eh13i2c11TransactionEENtNtB4_2ic6DS3232E10new_ds3232CsaQrg03CPhtT_12construction
FNDA:1,_RNvMNtCshp8WEvMCFLY_6ds323x6ds3232INtB4_6Ds323xINtNtB4_9interface12I2cInterfaceINtNtCscnC7d4ZmEvv_17embedded_hal_mock6common7GenericNtNtNtB1k_3eh13i2c11TransactionEENtNtB4_2ic6DS3232E14destroy_ds3232CsaQrg03CPhtT_12construction
FNDA:48,_RNvMNtCshp8WEvMCFLY_6ds323x6ds3232INtB4_6Ds323xINtNtB4_9interface12I2cInterfaceINtNtCscnC7d4ZmEvv_17embedded_hal_mock6common7GenericNtNtNtB1k_3eh13i2c11TransactionEENtNtB4_2ic6DS3232E10new_ds3232Csf5dsBaarwEj_8datetime
FNDA:48,_RNvMNtCshp8WEvMCFLY_6ds323x6ds3232INtB4_6Ds323xINtNtB4_9interface12I2cInterfaceINtNtCscnC7d4ZmEvv_17embedded_hal_mock6common7GenericNtNtNtB1k_3eh13i2c11TransactionEENtNtB4_2ic6DS3232E14destroy_ds3232Csf5dsBaarwEj_8datetime
FNDA:6,_RNvMNtCshp8WEvMCFLY_6ds323x6ds3232INtB4_6Ds323xINtNtB4_9interface12I2cInterfaceINtNtCscnC7d4ZmEvv_17embedded_hal_mock6common7GenericNtNtNtB1k_3eh13i2c11TransactionEENtNtB4_2ic6DS3232E10new_ds3232CsiFCoyleaSby_8ds3232_4
FNDA:6,_RNvMNtCshp8WEvMCFLY_6ds323x6ds3232INtB4_6Ds323xINtNtB4_9interface12I2cInterfaceINtNtCscnC7d4ZmEvv_17embedded_hal_mock6common7GenericNtNtNtB1k_3eh13i2c11TransactionEENtNtB4_2ic6DS3232E14destroy_ds3232CsiFCoyleaSby_8ds3232_4
FNDA:1,_RNvMNtCshp8WEvMCFLY_6ds323x6ds3232INtB4_6Ds323xINtNtB4_9interface12I2cInterfaceINtNtCscnC7d4ZmEvv_17embedded_hal_mock6common7GenericNtNtNtB1k_3eh13i2c11TransactionEENtNtB4_2ic6DS3232E30enable_32khz_output_on_batteryCsiFCoyleaSby_8ds3232_4
FNDA:1,_RNvMNtCshp8WEvMCFLY_6ds323x6ds3232INtB4_6Ds323xINtNtB4_9interface12I2cInterfaceINtNtCscnC7d4ZmEvv_17embedded_hal_mock6common7GenericNtNtNtB1k_3eh13i2c11TransactionEENtNtB4_2ic6DS3232E31disable_32khz_output_on_batteryCsiFCoyleaSby_8ds3232_4
FNDA:4,_RNvMNtCshp8WEvMCFLY_6ds323x6ds3232INtB4_6Ds323xINtNtB4_9interface12I2cInterfaceINtNtCscnC7d4ZmEvv_17embedded_hal_mock6common7GenericNtNtNtB1k_3eh13i2c11TransactionEENtNtB4_2ic6DS3232E31set_temperature_conversion_rateCsiFCoyleaSby_8ds3232_4
FNDA:0,_RNvMNtCs2wcMRR3yjZe_6ds323x6ds3232INtB4_6Ds323xINtNtB4_9interface12I2cInterfacepENtNtB4_2ic6DS3232E10new_ds3232B4_
FNDA:0,_RNvMNtCs2wcMRR3yjZe_6ds323x6ds3232INtB4_6Ds323xINtNtB4_9interface12I2cInterfacepENtNtB4_2ic6DS3232E14destroy_ds3232B4_
FNDA:0,_RNvMNtCs2wcMRR3yjZe_6ds323x6ds3232INtB4_6Ds323xINtNtB4_9interface12I2cInterfacepENtNtB4_2ic6DS3232E30enable_32khz_output_on_batteryB4_
FNDA:0,_RNvMNtCs2wcMRR3yjZe_6ds323x6ds3232INtB4_6Ds323xINtNtB4_9interface12I2cInterfacepENtNtB4_2ic6DS3232E31disable_32khz_output_on_batteryB4_
FNDA:0,_RNvMNtCs2wcMRR3yjZe_6ds323x6ds3232INtB4_6Ds323xINtNtB4_9interface12I2cInterfacepENtNtB4_2ic6DS3232E31set_temperature_conversion_rateB4_
FNDA:13,_RNvMNtCshp8WEvMCFLY_6ds323x6ds3232INtB4_6Ds323xINtNtB4_9interface12I2cInterfaceINtNtCscnC7d4ZmEvv_17embedded_hal_mock6common7GenericNtNtNtB1k_3eh13i2c11TransactionEENtNtB4_2ic6DS3232E10new_ds3232CsNizRT5xsIC_6status
FNDA:13,_RNvMNtCshp8WEvMCFLY_6ds323x6ds3232INtB4_6Ds323xINtNtB4_9interface12I2cInterfaceINtNtCscnC7d4ZmEvv_17embedded_hal_mock6common7GenericNtNtNtB1k_3eh13i2c11TransactionEENtNtB4_2ic6DS3232E14destroy_ds3232CsNizRT5xsIC_6status
FNF:5
FNH:5
DA:14,179
DA:16,179
DA:17,179
DA:18,179
DA:19,179
DA:20,179
DA:21,179
DA:22,179
DA:25,179
DA:26,179
DA:27,179
DA:35,1
DA:36,1
DA:37,1
DA:38,1
DA:46,1
DA:47,1
DA:48,1
DA:49,1
DA:58,4
DA:59,4
DA:60,1
DA:61,1
DA:62,1
DA:63,1
DA:65,4
DA:66,4
BRF:0
BRH:0
LF:27
LH:27
end_of_record
SF:/home/paul/development/ds323x-rs/src/ds3234.rs
FN:12,_RNvMNtCshp8WEvMCFLY_6ds323x6ds3234INtB4_6Ds323xINtNtB4_9interface12SpiInterfaceINtNtCscnC7d4ZmEvv_17embedded_hal_mock6common7GenericINtNtNtB1k_3eh13spi11TransactionhEEENtNtB4_2ic6DS3234E10new_ds3234CsesRqBrt6Vrf_6alarms
FN:23,_RNvMNtCshp8WEvMCFLY_6ds323x6ds3234INtB4_6Ds323xINtNtB4_9interface12SpiInterfaceINtNtCscnC7d4ZmEvv_17embedded_hal_mock6common7GenericINtNtNtB1k_3eh13spi11TransactionhEEENtNtB4_2ic6DS3234E14destroy_ds3234CsesRqBrt6Vrf_6alarms
FN:12,_RNvMNtCshp8WEvMCFLY_6ds323x6ds3234INtB4_6Ds323xINtNtB4_9interface12SpiInterfacepENtNtB4_2ic6DS3234E10new_ds3234B4_
FN:23,_RNvMNtCshp8WEvMCFLY_6ds323x6ds3234INtB4_6Ds323xINtNtB4_9interface12SpiInterfacepENtNtB4_2ic6DS3234E14destroy_ds3234B4_
FN:33,_RNvMNtCshp8WEvMCFLY_6ds323x6ds3234INtB4_6Ds323xINtNtB4_9interface12SpiInterfacepENtNtB4_2ic6DS3234E30enable_32khz_output_on_batteryB4_
FN:44,_RNvMNtCshp8WEvMCFLY_6ds323x6ds3234INtB4_6Ds323xINtNtB4_9interface12SpiInterfacepENtNtB4_2ic6DS3234E31disable_32khz_output_on_batteryB4_
FN:56,_RNvMNtCshp8WEvMCFLY_6ds323x6ds3234INtB4_6Ds323xINtNtB4_9interface12SpiInterfacepENtNtB4_2ic6DS3234E31set_temperature_conversion_rateB4_
FN:69,_RNvMNtCshp8WEvMCFLY_6ds323x6ds3234INtB4_6Ds323xINtNtB4_9interface12SpiInterfacepENtNtB4_2ic6DS3234E41enable_temperature_conversions_on_batteryB4_
FN:76,_RNvMNtCshp8WEvMCFLY_6ds323x6ds3234INtB4_6Ds323xINtNtB4_9interface12SpiInterfacepENtNtB4_2ic6DS3234E42disable_temperature_conversions_on_batteryB4_
FN:12,_RNvMNtCshp8WEvMCFLY_6ds323x6ds3234INtB4_6Ds323xINtNtB4_9interface12SpiInterfaceINtNtCscnC7d4ZmEvv_17embedded_hal_mock6common7GenericINtNtNtB1k_3eh13spi11TransactionhEEENtNtB4_2ic6DS3234E10new_ds3234CstlhY7MGOLb_13configuration
FN:23,_RNvMNtCshp8WEvMCFLY_6ds323x6ds3234INtB4_6Ds323xINtNtB4_9interface12SpiInterfaceINtNtCscnC7d4ZmEvv_17embedded_hal_mock6common7GenericINtNtNtB1k_3eh13spi11TransactionhEEENtNtB4_2ic6DS3234E14destroy_ds3234CstlhY7MGOLb_13configuration
FN:12,_RNvMNtCshp8WEvMCFLY_6ds323x6ds3234INtB4_6Ds323xINtNtB4_9interface12SpiInterfaceINtNtCscnC7d4ZmEvv_17embedded_hal_mock6common7GenericINtNtNtB1k_3eh13spi11TransactionhEEENtNtB4_2ic6DS3234E10new_ds3234CsaQrg03CPhtT_12construction
FN:23,_RNvMNtCshp8WEvMCFLY_6ds323x6ds3234INtB4_6Ds323xINtNtB4_9interface12SpiInterfaceINtNtCscnC7d4ZmEvv_17embedded_hal_mock6common7GenericINtNtNtB1k_3eh13spi11TransactionhEEENtNtB4_2ic6DS3234E14destroy_ds3234CsaQrg03CPhtT_12construction
FN:12,_RNvMNtCshp8WEvMCFLY_6ds323x6ds3234INtB4_6Ds323xINtNtB4_9interface12SpiInterfaceINtNtCscnC7d4ZmEvv_17embedded_hal_mock6common7GenericINtNtNtB1k_3eh13spi11TransactionhEEENtNtB4_2ic6DS3234E10new_ds3234Csf5dsBaarwEj_8datetime
FN:23,_RNvMNtCshp8WEvMCFLY_6ds323x6ds3234INtB4_6Ds323xINtNtB4_9interface12SpiInterfaceINtNtCscnC7d4ZmEvv_17embedded_hal_mock6common7GenericINtNtNtB1k_3eh13spi11TransactionhEEENtNtB4_2ic6DS3234E14destroy_ds3234Csf5dsBaarwEj_8datetime
FN:12,_RNvMNtCshp8WEvMCFLY_6ds323x6ds3234INtB4_6Ds323xINtNtB4_9interface12SpiInterfaceINtNtCscnC7d4ZmEvv_17embedded_hal_mock6common7GenericINtNtNtB1k_3eh13spi11TransactionhEEENtNtB4_2ic6DS3234E10new_ds3234CsiFCoyleaSby_8ds3232_4
FN:23,_RNvMNtCshp8WEvMCFLY_6ds323x6ds3234INtB4_6Ds323xINtNtB4_9interface12SpiInterfaceINtNtCscnC7d4ZmEvv_17embedded_hal_mock6common7GenericINtNtNtB1k_3eh13spi11TransactionhEEENtNtB4_2ic6DS3234E14destroy_ds3234CsiFCoyleaSby_8ds3232_4
FN:33,_RNvMNtCshp8WEvMCFLY_6ds323x6ds3234INtB4_6Ds323xINtNtB4_9interface12SpiInterfaceINtNtCscnC7d4ZmEvv_17embedded_hal_mock6common7GenericINtNtNtB1k_3eh13spi11TransactionhEEENtNtB4_2ic6DS3234E30enable_32khz_output_on_batteryCsiFCoyleaSby_8ds3232_4
FN:44,_RNvMNtCshp8WEvMCFLY_6ds323x6ds3234INtB4_6Ds323xINtNtB4_9interface12SpiInterfaceINtNtCscnC7d4ZmEvv_17embedded_hal_mock6common7GenericINtNtNtB1k_3eh13spi11TransactionhEEENtNtB4_2ic6DS3234E31disable_32khz_output_on_batteryCsiFCoyleaSby_8ds3232_4
FN:56,_RNvMNtCshp8WEvMCFLY_6ds323x6ds3234INtB4_6Ds323xINtNtB4_9interface12SpiInterfaceINtNtCscnC7d4ZmEvv_17embedded_hal_mock6common7GenericINtNtNtB1k_3eh13spi11TransactionhEEENtNtB4_2ic6DS3234E31set_temperature_conversion_rateCsiFCoyleaSby_8ds3232_4
FN:12,_RNvMNtCshp8WEvMCFLY_6ds323x6ds3234INtB4_6Ds323xINtNtB4_9interface12SpiInterfaceINtNtCscnC7d4ZmEvv_17embedded_hal_mock6common7GenericINtNtNtB1k_3eh13spi11TransactionhEEENtNtB4_2ic6DS3234E10new_ds3234Cs30t6MGjJsoB_6ds3234
FN:23,_RNvMNtCshp8WEvMCFLY_6ds323x6ds3234INtB4_6Ds323xINtNtB4_9interface12SpiInterfaceINtNtCscnC7d4ZmEvv_17embedded_hal_mock6common7GenericINtNtNtB1k_3eh13spi11TransactionhEEENtNtB4_2ic6DS3234E14destroy_ds3234Cs30t6MGjJsoB_6ds3234
FN:69,_RNvMNtCshp8WEvMCFLY_6ds323x6ds3234INtB4_6Ds323xINtNtB4_9interface12SpiInterfaceINtNtCscnC7d4ZmEvv_17embedded_hal_mock6common7GenericINtNtNtB1k_3eh13spi11TransactionhEEENtNtB4_2ic6DS3234E41enable_temperature_conversions_on_batteryCs30t6MGjJsoB_6ds3234
FN:76,_RNvMNtCshp8WEvMCFLY_6ds323x6ds3234INtB4_6Ds323xINtNtB4_9interface12SpiInterfaceINtNtCscnC7d4ZmEvv_17embedded_hal_mock6common7GenericINtNtNtB1k_3eh13spi11TransactionhEEENtNtB4_2ic6DS3234E42disable_temperature_conversions_on_batteryCs30t6MGjJsoB_6ds3234
FN:12,_RNvMNtCs2wcMRR3yjZe_6ds323x6ds3234INtB4_6Ds323xINtNtB4_9interface12SpiInterfacepENtNtB4_2ic6DS3234E10new_ds3234B4_
FN:23,_RNvMNtCs2wcMRR3yjZe_6ds323x6ds3234INtB4_6Ds323xINtNtB4_9interface12SpiInterfacepENtNtB4_2ic6DS3234E14destroy_ds3234B4_
FN:33,_RNvMNtCs2wcMRR3yjZe_6ds323x6ds3234INtB4_6Ds323xINtNtB4_9interface12SpiInterfacepENtNtB4_2ic6DS3234E30enable_32khz_output_on_batteryB4_
FN:44,_RNvMNtCs2wcMRR3yjZe_6ds323x6ds3234INtB4_6Ds323xINtNtB4_9interface12SpiInterfacepENtNtB4_2ic6DS3234E31disable_32khz_output_on_batteryB4_
FN:56,_RNvMNtCs2wcMRR3yjZe_6ds323x6ds3234INtB4_6Ds323xINtNtB4_9interface12SpiInterfacepENtNtB4_2ic6DS3234E31set_temperature_conversion_rateB4_
FN:69,_RNvMNtCs2wcMRR3yjZe_6ds323x6ds3234INtB4_6Ds323xINtNtB4_9interface12SpiInterfacepENtNtB4_2ic6DS3234E41enable_temperature_conversions_on_batteryB4_
FN:76,_RNvMNtCs2wcMRR3yjZe_6ds323x6ds3234INtB4_6Ds323xINtNtB4_9interface12SpiInterfacepENtNtB4_2ic6DS3234E42disable_temperature_conversions_on_batteryB4_
FN:12,_RNvMNtCshp8WEvMCFLY_6ds323x6ds3234INtB4_6Ds323xINtNtB4_9interface12SpiInterfaceINtNtCscnC7d4ZmEvv_17embedded_hal_mock6common7GenericINtNtNtB1k_3eh13spi11TransactionhEEENtNtB4_2ic6DS3234E10new_ds3234CsNizRT5xsIC_6status
FN:23,_RNvMNtCshp8WEvMCFLY_6ds323x6ds3234INtB4_6Ds323xINtNtB4_9interface12SpiInterfaceINtNtCscnC7d4ZmEvv_17embedded_hal_mock6common7GenericINtNtNtB1k_3eh13spi11TransactionhEEENtNtB4_2ic6DS3234E14destroy_ds3234CsNizRT5xsIC_6status
FNDA:86,_RNvMNtCshp8WEvMCFLY_6ds323x6ds3234INtB4_6Ds323xINtNtB4_9interface12SpiInterfaceINtNtCscnC7d4ZmEvv_17embedded_hal_mock6common7GenericINtNtNtB1k_3eh13spi11TransactionhEEENtNtB4_2ic6DS3234E10new_ds3234CsesRqBrt6Vrf_6alarms
FNDA:86,_RNvMNtCshp8WEvMCFLY_6ds323x6ds3234INtB4_6Ds323xINtNtB4_9interface12SpiInterfaceINtNtCscnC7d4ZmEvv_17embedded_hal_mock6common7GenericINtNtNtB1k_3eh13spi11TransactionhEEENtNtB4_2ic6DS3234E14destroy_ds3234CsesRqBrt6Vrf_6alarms
FNDA:0,_RNvMNtCshp8WEvMCFLY_6ds323x6ds3234INtB4_6Ds323xINtNtB4_9interface12SpiInterfacepENtNtB4_2ic6DS3234E10new_ds3234B4_
FNDA:0,_RNvMNtCshp8WEvMCFLY_6ds323x6ds3234INtB4_6Ds323xINtNtB4_9interface12SpiInterfacepENtNtB4_2ic6DS3234E14destroy_ds3234B4_
FNDA:0,_RNvMNtCshp8WEvMCFLY_6ds323x6ds3234INtB4_6Ds323xINtNtB4_9interface12SpiInterfacepENtNtB4_2ic6DS3234E30enable_32khz_output_on_batteryB4_
FNDA:0,_RNvMNtCshp8WEvMCFLY_6ds323x6ds3234INtB4_6Ds323xINtNtB4_9interface12SpiInterfacepENtNtB4_2ic6DS3234E31disable_32khz_output_on_batteryB4_
FNDA:0,_RNvMNtCshp8WEvMCFLY_6ds323x6ds3234INtB4_6Ds323xINtNtB4_9interface12SpiInterfacepENtNtB4_2ic6DS3234E31set_temperature_conversion_rateB4_
FNDA:0,_RNvMNtCshp8WEvMCFLY_6ds323x6ds3234INtB4_6Ds323xINtNtB4_9interface12SpiInterfacepENtNtB4_2ic6DS3234E41enable_temperature_conversions_on_batteryB4_
FNDA:0,_RNvMNtCshp8WEvMCFLY_6ds323x6ds3234INtB4_6Ds323xINtNtB4_9interface12SpiInterfacepENtNtB4_2ic6DS3234E42disable_temperature_conversions_on_batteryB4_
FNDA:25,_RNvMNtCshp8WEvMCFLY_6ds323x6ds3234INtB4_6Ds323xINtNtB4_9interface12SpiInterfaceINtNtCscnC7d4ZmEvv_17embedded_hal_mock6common7GenericINtNtNtB1k_3eh13spi11TransactionhEEENtNtB4_2ic6DS3234E10new_ds3234CstlhY7MGOLb_13configuration
FNDA:25,_RNvMNtCshp8WEvMCFLY_6ds323x6ds3234INtB4_6Ds323xINtNtB4_9interface12SpiInterfaceINtNtCscnC7d4ZmEvv_17embedded_hal_mock6common7GenericINtNtNtB1k_3eh13spi11TransactionhEEENtNtB4_2ic6DS3234E14destroy_ds3234CstlhY7MGOLb_13configuration
FNDA:1,_RNvMNtCshp8WEvMCFLY_6ds323x6ds3234INtB4_6Ds323xINtNtB4_9interface12SpiInterfaceINtNtCscnC7d4ZmEvv_17embedded_hal_mock6common7GenericINtNtNtB1k_3eh13spi11TransactionhEEENtNtB4_2ic6DS3234E10new_ds3234CsaQrg03CPhtT_12construction
FNDA:1,_RNvMNtCshp8WEvMCFLY_6ds323x6ds3234INtB4_6Ds323xINtNtB4_9interface12SpiInterfaceINtNtCscnC7d4ZmEvv_17embedded_hal_mock6common7GenericINtNtNtB1k_3eh13spi11TransactionhEEENtNtB4_2ic6DS3234E14destroy_ds3234CsaQrg03CPhtT_12construction
FNDA:48,_RNvMNtCshp8WEvMCFLY_6ds323x6ds3234INtB4_6Ds323xINtNtB4_9interface12SpiInterfaceINtNtCscnC7d4ZmEvv_17embedded_hal_mock6common7GenericINtNtNtB1k_3eh13spi11TransactionhEEENtNtB4_2ic6DS3234E10new_ds3234Csf5dsBaarwEj_8datetime
FNDA:48,_RNvMNtCshp8WEvMCFLY_6ds323x6ds3234INtB4_6Ds323xINtNtB4_9interface12SpiInterfaceINtNtCscnC7d4ZmEvv_17embedded_hal_mock6common7GenericINtNtNtB1k_3eh13spi11TransactionhEEENtNtB4_2ic6DS3234E14destroy_ds3234Csf5dsBaarwEj_8datetime
FNDA:6,_RNvMNtCshp8WEvMCFLY_6ds323x6ds3234INtB4_6Ds323xINtNtB4_9interface12SpiInterfaceINtNtCscnC7d4ZmEvv_17embedded_hal_mock6common7GenericINtNtNtB1k_3eh13spi11TransactionhEEENtNtB4_2ic6DS3234E10new_ds3234CsiFCoyleaSby_8ds3232_4
FNDA:6,_RNvMNtCshp8WEvMCFLY_6ds323x6ds3234INtB4_6Ds323xINtNtB4_9interface12SpiInterfaceINtNtCscnC7d4ZmEvv_17embedded_hal_mock6common7GenericINtNtNtB1k_3eh13spi11TransactionhEEENtNtB4_2ic6DS3234E14destroy_ds3234CsiFCoyleaSby_8ds3232_4
FNDA:1,_RNvMNtCshp8WEvMCFLY_6ds323x6ds3234INtB4_6Ds323xINtNtB4_9interface12SpiInterfaceINtNtCscnC7d4ZmEvv_17embedded_hal_mock6common7GenericINtNtNtB1k_3eh13spi11TransactionhEEENtNtB4_2ic6DS3234E30enable_32khz_output_on_batteryCsiFCoyleaSby_8ds3232_4
FNDA:1,_RNvMNtCshp8WEvMCFLY_6ds323x6ds3234INtB4_6Ds323xINtNtB4_9interface12SpiInterfaceINtNtCscnC7d4ZmEvv_17embedded_hal_mock6common7GenericINtNtNtB1k_3eh13spi11TransactionhEEENtNtB4_2ic6DS3234E31disable_32khz_output_on_batteryCsiFCoyleaSby_8ds3232_4
FNDA:4,_RNvMNtCshp8WEvMCFLY_6ds323x6ds3234INtB4_6Ds323xINtNtB4_9interface12SpiInterfaceINtNtCscnC7d4ZmEvv_17embedded_hal_mock6common7GenericINtNtNtB1k_3eh13spi11TransactionhEEENtNtB4_2ic6DS3234E31set_temperature_conversion_rateCsiFCoyleaSby_8ds3232_4
FNDA:2,_RNvMNtCshp8WEvMCFLY_6ds323x6ds3234INtB4_6Ds323xINtNtB4_9interface12SpiInterfaceINtNtCscnC7d4ZmEvv_17embedded_hal_mock6common7GenericINtNtNtB1k_3eh13spi11TransactionhEEENtNtB4_2ic6DS3234E10new_ds3234Cs30t6MGjJsoB_6ds3234
FNDA:2,_RNvMNtCshp8WEvMCFLY_6ds323x6ds3234INtB4_6Ds323xINtNtB4_9interface12SpiInterfaceINtNtCscnC7d4ZmEvv_17embedded_hal_mock6common7GenericINtNtNtB1k_3eh13spi11TransactionhEEENtNtB4_2ic6DS3234E14destroy_ds3234Cs30t6MGjJsoB_6ds3234
FNDA:1,_RNvMNtCshp8WEvMCFLY_6ds323x6ds3234INtB4_6Ds323xINtNtB4_9interface12SpiInterfaceINtNtCscnC7d4ZmEvv_17embedded_hal_mock6common7GenericINtNtNtB1k_3eh13spi11TransactionhEEENtNtB4_2ic6DS3234E41enable_temperature_conversions_on_batteryCs30t6MGjJsoB_6ds3234
FNDA:1,_RNvMNtCshp8WEvMCFLY_6ds323x6ds3234INtB4_6Ds323xINtNtB4_9interface12SpiInterfaceINtNtCscnC7d4ZmEvv_17embedded_hal_mock6common7GenericINtNtNtB1k_3eh13spi11TransactionhEEENtNtB4_2ic6DS3234E42disable_temperature_conversions_on_batteryCs30t6MGjJsoB_6ds3234
FNDA:0,_RNvMNtCs2wcMRR3yjZe_6ds323x6ds3234INtB4_6Ds323xINtNtB4_9interface12SpiInterfacepENtNtB4_2ic6DS3234E10new_ds3234B4_
FNDA:0,_RNvMNtCs2wcMRR3yjZe_6ds323x6ds3234INtB4_6Ds323xINtNtB4_9interface12SpiInterfacepENtNtB4_2ic6DS3234E14destroy_ds3234B4_
FNDA:0,_RNvMNtCs2wcMRR3yjZe_6ds323x6ds3234INtB4_6Ds323xINtNtB4_9interface12SpiInterfacepENtNtB4_2ic6DS3234E30enable_32khz_output_on_batteryB4_
FNDA:0,_RNvMNtCs2wcMRR3yjZe_6ds323x6ds3234INtB4_6Ds323xINtNtB4_9interface12SpiInterfacepENtNtB4_2ic6DS3234E31disable_32khz_output_on_batteryB4_
FNDA:0,_RNvMNtCs2wcMRR3yjZe_6ds323x6ds3234INtB4_6Ds323xINtNtB4_9interface12SpiInterfacepENtNtB4_2ic6DS3234E31set_temperature_conversion_rateB4_
FNDA:0,_RNvMNtCs2wcMRR3yjZe_6ds323x6ds3234INtB4_6Ds323xINtNtB4_9interface12SpiInterfacepENtNtB4_2ic6DS3234E41enable_temperature_conversions_on_batteryB4_
FNDA:0,_RNvMNtCs2wcMRR3yjZe_6ds323x6ds3234INtB4_6Ds323xINtNtB4_9interface12SpiInterfacepENtNtB4_2ic6DS3234E42disable_temperature_conversions_on_batteryB4_
FNDA:13,_RNvMNtCshp8WEvMCFLY_6ds323x6ds3234INtB4_6Ds323xINtNtB4_9interface12SpiInterfaceINtNtCscnC7d4ZmEvv_17embedded_hal_mock6common7GenericINtNtNtB1k_3eh13spi11TransactionhEEENtNtB4_2ic6DS3234E10new_ds3234CsNizRT5xsIC_6status
FNDA:13,_RNvMNtCshp8WEvMCFLY_6ds323x6ds3234INtB4_6Ds323xINtNtB4_9interface12SpiInterfaceINtNtCscnC7d4ZmEvv_17embedded_hal_mock6common7GenericINtNtNtB1k_3eh13spi11TransactionhEEENtNtB4_2ic6DS3234E14destroy_ds3234CsNizRT5xsIC_6status
FNF:7
FNH:7
DA:12,181
DA:14,181
DA:15,181
DA:16,181
DA:17,181
DA:18,181
DA:19,181
DA:20,181
DA:23,181
DA:24,181
DA:25,181
DA:33,1
DA:34,1
DA:35,1
DA:36,1
DA:44,1
DA:45,1
DA:46,1
DA:47,1
DA:56,4
DA:57,4
DA:58,1
DA:59,1
DA:60,1
DA:61,1
DA:63,4
DA:64,4
DA:69,1
DA:70,1
DA:71,1
DA:76,1
DA:77,1
DA:78,1
DA:79,1
BRF:0
BRH:0
LF:34
LH:34
end_of_record
SF:/home/paul/development/ds323x-rs/src/ds323x/alarms.rs
FN:302,_RNvMNtNtCshp8WEvMCFLY_6ds323x6ds323x6alarmsINtB6_6Ds323xINtNtB6_9interface12I2cInterfaceINtNtCscnC7d4ZmEvv_17embedded_hal_mock6common7GenericNtNtNtB1t_3eh13i2c11TransactionEENtNtB6_2ic6DS3231E13set_alarm2_hmCsesRqBrt6Vrf_6alarms
FN:170,_RNvMNtNtCshp8WEvMCFLY_6ds323x6ds323x6alarmsINtB6_6Ds323xINtNtB6_9interface12I2cInterfaceINtNtCscnC7d4ZmEvv_17embedded_hal_mock6common7GenericNtNtNtB1t_3eh13i2c11TransactionEENtNtB6_2ic6DS3231E14set_alarm1_dayCsesRqBrt6Vrf_6alarms
FN:209,_RNvMNtNtCshp8WEvMCFLY_6ds323x6ds323x6alarmsINtB6_6Ds323xINtNtB6_9interface12I2cInterfaceINtNtCscnC7d4ZmEvv_17embedded_hal_mock6common7GenericNtNtNtB1t_3eh13i2c11TransactionEENtNtB6_2ic6DS3231E14set_alarm1_hmsCsesRqBrt6Vrf_6alarms
FN:268,_RNvMNtNtCshp8WEvMCFLY_6ds323x6ds323x6alarmsINtB6_6Ds323xINtNtB6_9interface12I2cInterfaceINtNtCscnC7d4ZmEvv_17embedded_hal_mock6common7GenericNtNtNtB1t_3eh13i2c11TransactionEENtNtB6_2ic6DS3231E14set_alarm2_dayCsesRqBrt6Vrf_6alarms
FN:226,_RNvMNtNtCshp8WEvMCFLY_6ds323x6ds323x6alarmsINtB6_6Ds323xINtNtB6_9interface12I2cInterfaceINtNtCscnC7d4ZmEvv_17embedded_hal_mock6common7GenericNtNtNtB1t_3eh13i2c11TransactionEENtNtB6_2ic6DS3231E18set_alarm1_weekdayCsesRqBrt6Vrf_6alarms
FN:318,_RNvMNtNtCshp8WEvMCFLY_6ds323x6ds323x6alarmsINtB6_6Ds323xINtNtB6_9interface12I2cInterfaceINtNtCscnC7d4ZmEvv_17embedded_hal_mock6common7GenericNtNtNtB1t_3eh13i2c11TransactionEENtNtB6_2ic6DS3231E18set_alarm2_weekdayCsesRqBrt6Vrf_6alarms
FN:302,_RNvMNtNtCshp8WEvMCFLY_6ds323x6ds323x6alarmsINtB6_6Ds323xINtNtB6_9interface12I2cInterfaceINtNtCscnC7d4ZmEvv_17embedded_hal_mock6common7GenericNtNtNtB1t_3eh13i2c11TransactionEENtNtB6_2ic6DS3232E13set_alarm2_hmCsesRqBrt6Vrf_6alarms
FN:170,_RNvMNtNtCshp8WEvMCFLY_6ds323x6ds323x6alarmsINtB6_6Ds323xINtNtB6_9interface12I2cInterfaceINtNtCscnC7d4ZmEvv_17embedded_hal_mock6common7GenericNtNtNtB1t_3eh13i2c11TransactionEENtNtB6_2ic6DS3232E14set_alarm1_dayCsesRqBrt6Vrf_6alarms
FN:209,_RNvMNtNtCshp8WEvMCFLY_6ds323x6ds323x6alarmsINtB6_6Ds323xINtNtB6_9interface12I2cInterfaceINtNtCscnC7d4ZmEvv_17embedded_hal_mock6common7GenericNtNtNtB1t_3eh13i2c11TransactionEENtNtB6_2ic6DS3232E14set_alarm1_hmsCsesRqBrt6Vrf_6alarms
FN:268,_RNvMNtNtCshp8WEvMCFLY_6ds323x6ds323x6alarmsINtB6_6Ds323xINtNtB6_9interface12I2cInterfaceINtNtCscnC7d4ZmEvv_17embedded_hal_mock6common7GenericNtNtNtB1t_3eh13i2c11TransactionEENtNtB6_2ic6DS3232E14set_alarm2_dayCsesRqBrt6Vrf_6alarms
FN:226,_RNvMNtNtCshp8WEvMCFLY_6ds323x6ds323x6alarmsINtB6_6Ds323xINtNtB6_9interface12I2cInterfaceINtNtCscnC7d4ZmEvv_17embedded_hal_mock6common7GenericNtNtNtB1t_3eh13i2c11TransactionEENtNtB6_2ic6DS3232E18set_alarm1_weekdayCsesRqBrt6Vrf_6alarms
FN:318,_RNvMNtNtCshp8WEvMCFLY_6ds323x6ds323x6alarmsINtB6_6Ds323xINtNtB6_9interface12I2cInterfaceINtNtCscnC7d4ZmEvv_17embedded_hal_mock6common7GenericNtNtNtB1t_3eh13i2c11TransactionEENtNtB6_2ic6DS3232E18set_alarm2_weekdayCsesRqBrt6Vrf_6alarms
FN:302,_RNvMNtNtCshp8WEvMCFLY_6ds323x6ds323x6alarmsINtB6_6Ds323xINtNtB6_9interface12SpiInterfaceINtNtCscnC7d4ZmEvv_17embedded_hal_mock6common7GenericINtNtNtB1t_3eh13spi11TransactionhEEENtNtB6_2ic6DS3234E13set_alarm2_hmCsesRqBrt6Vrf_6alarms
FN:170,_RNvMNtNtCshp8WEvMCFLY_6ds323x6ds323x6alarmsINtB6_6Ds323xINtNtB6_9interface12SpiInterfaceINtNtCscnC7d4ZmEvv_17embedded_hal_mock6common7GenericINtNtNtB1t_3eh13spi11TransactionhEEENtNtB6_2ic6DS3234E14set_alarm1_dayCsesRqBrt6Vrf_6alarms
FN:209,_RNvMNtNtCshp8WEvMCFLY_6ds323x6ds323x6alarmsINtB6_6Ds323xINtNtB6_9interface12SpiInterfaceINtNtCscnC7d4ZmEvv_17embedded_hal_mock6common7GenericINtNtNtB1t_3eh13spi11TransactionhEEENtNtB6_2ic6DS3234E14set_alarm1_hmsCsesRqBrt6Vrf_6alarms
FN:268,_RNvMNtNtCshp8WEvMCFLY_6ds323x6ds323x6alarmsINtB6_6Ds323xINtNtB6_9interface12SpiInterfaceINtNtCscnC7d4ZmEvv_17embedded_hal_mock6common7GenericINtNtNtB1t_3eh13spi11TransactionhEEENtNtB6_2ic6DS3234E14set_alarm2_dayCsesRqBrt6Vrf_6alarms
FN:226,_RNvMNtNtCshp8WEvMCFLY_6ds323x6ds323x6alarmsINtB6_6Ds323xINtNtB6_9interface12SpiInterfaceINtNtCscnC7d4ZmEvv_17embedded_hal_mock6common7GenericINtNtNtB1t_3eh13spi11TransactionhEEENtNtB6_2ic6DS3234E18set_alarm1_weekdayCsesRqBrt6Vrf_6alarms
FN:318,_RNvMNtNtCshp8WEvMCFLY_6ds323x6ds323x6alarmsINtB6_6Ds323xINtNtB6_9interface12SpiInterfaceINtNtCscnC7d4ZmEvv_17embedded_hal_mock6common7GenericINtNtNtB1t_3eh13spi11TransactionhEEENtNtB6_2ic6DS3234E18set_alarm2_weekdayCsesRqBrt6Vrf_6alarms
FN:302,_RNvMNtNtCshp8WEvMCFLY_6ds323x6ds323x6alarmsINtB6_6Ds323xppE13set_alarm2_hmB6_
FN:170,_RNvMNtNtCshp8WEvMCFLY_6ds323x6ds323x6alarmsINtB6_6Ds323xppE14set_alarm1_dayB6_
FN:209,_RNvMNtNtCshp8WEvMCFLY_6ds323x6ds323x6alarmsINtB6_6Ds323xppE14set_alarm1_hmsB6_
FN:268,_RNvMNtNtCshp8WEvMCFLY_6ds323x6ds323x6alarmsINtB6_6Ds323xppE14set_alarm2_dayB6_
FN:226,_RNvMNtNtCshp8WEvMCFLY_6ds323x6ds323x6alarmsINtB6_6Ds323xppE18set_alarm1_weekdayB6_
FN:318,_RNvMNtNtCshp8WEvMCFLY_6ds323x6ds323x6alarmsINtB6_6Ds323xppE18set_alarm2_weekdayB6_
FN:148,_RNvNtNtCshp8WEvMCFLY_6ds323x6ds323x6alarms10amend_hour
FN:138,_RNvNtNtCshp8WEvMCFLY_6ds323x6ds323x6alarms13is_hour_valid
FN:116,_RNvNtNtCshp8WEvMCFLY_6ds323x6ds323x6alarms24get_matching_mask_alarm1
FN:127,_RNvNtNtCshp8WEvMCFLY_6ds323x6ds323x6alarms24get_matching_mask_alarm2
FN:302,_RNvMNtNtCs2wcMRR3yjZe_6ds323x6ds323x6alarmsINtB6_6Ds323xppE13set_alarm2_hmB6_
FN:170,_RNvMNtNtCs2wcMRR3yjZe_6ds323x6ds323x6alarmsINtB6_6Ds323xppE14set_alarm1_dayB6_
FN:209,_RNvMNtNtCs2wcMRR3yjZe_6ds323x6ds323x6alarmsINtB6_6Ds323xppE14set_alarm1_hmsB6_
FN:268,_RNvMNtNtCs2wcMRR3yjZe_6ds323x6ds323x6alarmsINtB6_6Ds323xppE14set_alarm2_dayB6_
FN:226,_RNvMNtNtCs2wcMRR3yjZe_6ds323x6ds323x6alarmsINtB6_6Ds323xppE18set_alarm1_weekdayB6_
FN:318,_RNvMNtNtCs2wcMRR3yjZe_6ds323x6ds323x6alarmsINtB6_6Ds323xppE18set_alarm2_weekdayB6_
FN:148,_RNvNtNtCs2wcMRR3yjZe_6ds323x6ds323x6alarms10amend_hour
FN:138,_RNvNtNtCs2wcMRR3yjZe_6ds323x6ds323x6alarms13is_hour_valid
FN:116,_RNvNtNtCs2wcMRR3yjZe_6ds323x6ds323x6alarms24get_matching_mask_alarm1
FN:127,_RNvNtNtCs2wcMRR3yjZe_6ds323x6ds323x6alarms24get_matching_mask_alarm2
FNDA:1,_RNvMNtNtCshp8WEvMCFLY_6ds323x6ds323x6alarmsINtB6_6Ds323xINtNtB6_9interface12I2cInterfaceINtNtCscnC7d4ZmEvv_17embedded_hal_mock6common7GenericNtNtNtB1t_3eh13i2c11TransactionEENtNtB6_2ic6DS3231E13set_alarm2_hmCsesRqBrt6Vrf_6alarms
FNDA:24,_RNvMNtNtCshp8WEvMCFLY_6ds323x6ds323x6alarmsINtB6_6Ds323xINtNtB6_9interface12I2cInterfaceINtNtCscnC7d4ZmEvv_17embedded_hal_mock6common7GenericNtNtNtB1t_3eh13i2c11TransactionEENtNtB6_2ic6DS3231E14set_alarm1_dayCsesRqBrt6Vrf_6alarms
FNDA:1,_RNvMNtNtCshp8WEvMCFLY_6ds323x6ds323x6alarmsINtB6_6Ds323xINtNtB6_9interface12I2cInterfaceINtNtCscnC7d4ZmEvv_17embedded_hal_mock6common7GenericNtNtNtB1t_3eh13i2c11TransactionEENtNtB6_2ic6DS3231E14set_alarm1_hmsCsesRqBrt6Vrf_6alarms
FNDA:20,_RNvMNtNtCshp8WEvMCFLY_6ds323x6ds323x6alarmsINtB6_6Ds323xINtNtB6_9interface12I2cInterfaceINtNtCscnC7d4ZmEvv_17embedded_hal_mock6common7GenericNtNtNtB1t_3eh13i2c11TransactionEENtNtB6_2ic6DS3231E14set_alarm2_dayCsesRqBrt6Vrf_6alarms
FNDA:22,_RNvMNtNtCshp8WEvMCFLY_6ds323x6ds323x6alarmsINtB6_6Ds323xINtNtB6_9interface12I2cInterfaceINtNtCscnC7d4ZmEvv_17embedded_hal_mock6common7GenericNtNtNtB1t_3eh13i2c11TransactionEENtNtB6_2ic6DS3231E18set_alarm1_weekdayCsesRqBrt6Vrf_6alarms
FNDA:20,_RNvMNtNtCshp8WEvMCFLY_6ds323x6ds323x6alarmsINtB6_6Ds323xINtNtB6_9interface12I2cInterfaceINtNtCscnC7d4ZmEvv_17embedded_hal_mock6common7GenericNtNtNtB1t_3eh13i2c11TransactionEENtNtB6_2ic6DS3231E18set_alarm2_weekdayCsesRqBrt6Vrf_6alarms
FNDA:1,_RNvMNtNtCshp8WEvMCFLY_6ds323x6ds323x6alarmsINtB6_6Ds323xINtNtB6_9interface12I2cInterfaceINtNtCscnC7d4ZmEvv_17embedded_hal_mock6common7GenericNtNtNtB1t_3eh13i2c11TransactionEENtNtB6_2ic6DS3232E13set_alarm2_hmCsesRqBrt6Vrf_6alarms
FNDA:24,_RNvMNtNtCshp8WEvMCFLY_6ds323x6ds323x6alarmsINtB6_6Ds323xINtNtB6_9interface12I2cInterfaceINtNtCscnC7d4ZmEvv_17embedded_hal_mock6common7GenericNtNtNtB1t_3eh13i2c11TransactionEENtNtB6_2ic6DS3232E14set_alarm1_dayCsesRqBrt6Vrf_6alarms
FNDA:1,_RNvMNtNtCshp8WEvMCFLY_6ds323x6ds323x6alarmsINtB6_6Ds323xINtNtB6_9interface12I2cInterfaceINtNtCscnC7d4ZmEvv_17embedded_hal_mock6common7GenericNtNtNtB1t_3eh13i2c11TransactionEENtNtB6_2ic6DS3232E14set_alarm1_hmsCsesRqBrt6Vrf_6alarms
FNDA:20,_RNvMNtNtCshp8WEvMCFLY_6ds323x6ds323x6alarmsINtB6_6Ds323xINtNtB6_9interface12I2cInterfaceINtNtCscnC7d4ZmEvv_17embedded_hal_mock6common7GenericNtNtNtB1t_3eh13i2c11TransactionEENtNtB6_2ic6DS3232E14set_alarm2_dayCsesRqBrt6Vrf_6alarms
FNDA:22,_RNvMNtNtCshp8WEvMCFLY_6ds323x6ds323x6alarmsINtB6_6Ds323xINtNtB6_9interface12I2cInterfaceINtNtCscnC7d4ZmEvv_17embedded_hal_mock6common7GenericNtNtNtB1t_3eh13i2c11TransactionEENtNtB6_2ic6DS3232E18set_alarm1_weekdayCsesRqBrt6Vrf_6alarms
FNDA:20,_RNvMNtNtCshp8WEvMCFLY_6ds323x6ds323x6alarmsINtB6_6Ds323xINtNtB6_9interface12I2cInterfaceINtNtCscnC7d4ZmEvv_17embedded_hal_mock6common7GenericNtNtNtB1t_3eh13i2c11TransactionEENtNtB6_2ic6DS3232E18set_alarm2_weekdayCsesRqBrt6Vrf_6alarms
FNDA:1,_RNvMNtNtCshp8WEvMCFLY_6ds323x6ds323x6alarmsINtB6_6Ds323xINtNtB6_9interface12SpiInterfaceINtNtCscnC7d4ZmEvv_17embedded_hal_mock6common7GenericINtNtNtB1t_3eh13spi11TransactionhEEENtNtB6_2ic6DS3234E13set_alarm2_hmCsesRqBrt6Vrf_6alarms
FNDA:24,_RNvMNtNtCshp8WEvMCFLY_6ds323x6ds323x6alarmsINtB6_6Ds323xINtNtB6_9interface12SpiInterfaceINtNtCscnC7d4ZmEvv_17embedded_hal_mock6common7GenericINtNtNtB1t_3eh13spi11TransactionhEEENtNtB6_2ic6DS3234E14set_alarm1_dayCsesRqBrt6Vrf_6alarms
FNDA:1,_RNvMNtNtCshp8WEvMCFLY_6ds323x6ds323x6alarmsINtB6_6Ds323xINtNtB6_9interface12SpiInterfaceINtNtCscnC7d4ZmEvv_17embedded_hal_mock6common7GenericINtNtNtB1t_3eh13spi11TransactionhEEENtNtB6_2ic6DS3234E14set_alarm1_hmsCsesRqBrt6Vrf_6alarms
FNDA:20,_RNvMNtNtCshp8WEvMCFLY_6ds323x6ds323x6alarmsINtB6_6Ds323xINtNtB6_9interface12SpiInterfaceINtNtCscnC7d4ZmEvv_17embedded_hal_mock6common7GenericINtNtNtB1t_3eh13spi11TransactionhEEENtNtB6_2ic6DS3234E14set_alarm2_dayCsesRqBrt6Vrf_6alarms
FNDA:22,_RNvMNtNtCshp8WEvMCFLY_6ds323x6ds323x6alarmsINtB6_6Ds323xINtNtB6_9interface12SpiInterfaceINtNtCscnC7d4ZmEvv_17embedded_hal_mock6common7GenericINtNtNtB1t_3eh13spi11TransactionhEEENtNtB6_2ic6DS3234E18set_alarm1_weekdayCsesRqBrt6Vrf_6alarms
FNDA:20,_RNvMNtNtCshp8WEvMCFLY_6ds323x6ds323x6alarmsINtB6_6Ds323xINtNtB6_9interface12SpiInterfaceINtNtCscnC7d4ZmEvv_17embedded_hal_mock6common7GenericINtNtNtB1t_3eh13spi11TransactionhEEENtNtB6_2ic6DS3234E18set_alarm2_weekdayCsesRqBrt6Vrf_6alarms
FNDA:0,_RNvMNtNtCshp8WEvMCFLY_6ds323x6ds323x6alarmsINtB6_6Ds323xppE13set_alarm2_hmB6_
FNDA:0,_RNvMNtNtCshp8WEvMCFLY_6ds323x6ds323x6alarmsINtB6_6Ds323xppE14set_alarm1_dayB6_
FNDA:0,_RNvMNtNtCshp8WEvMCFLY_6ds323x6ds323x6alarmsINtB6_6Ds323xppE14set_alarm1_hmsB6_
FNDA:0,_RNvMNtNtCshp8WEvMCFLY_6ds323x6ds323x6alarmsINtB6_6Ds323xppE14set_alarm2_dayB6_
FNDA:0,_RNvMNtNtCshp8WEvMCFLY_6ds323x6ds323x6alarmsINtB6_6Ds323xppE18set_alarm1_weekdayB6_
FNDA:0,_RNvMNtNtCshp8WEvMCFLY_6ds323x6ds323x6alarmsINtB6_6Ds323xppE18set_alarm2_weekdayB6_
FNDA:258,_RNvNtNtCshp8WEvMCFLY_6ds323x6ds323x6alarms10amend_hour
FNDA:258,_RNvNtNtCshp8WEvMCFLY_6ds323x6ds323x6alarms13is_hour_valid
FNDA:66,_RNvNtNtCshp8WEvMCFLY_6ds323x6ds323x6alarms24get_matching_mask_alarm1
FNDA:57,_RNvNtNtCshp8WEvMCFLY_6ds323x6ds323x6alarms24get_matching_mask_alarm2
FNDA:0,_RNvMNtNtCs2wcMRR3yjZe_6ds323x6ds323x6alarmsINtB6_6Ds323xppE13set_alarm2_hmB6_
FNDA:0,_RNvMNtNtCs2wcMRR3yjZe_6ds323x6ds323x6alarmsINtB6_6Ds323xppE14set_alarm1_dayB6_
FNDA:0,_RNvMNtNtCs2wcMRR3yjZe_6ds323x6ds323x6alarmsINtB6_6Ds323xppE14set_alarm1_hmsB6_
FNDA:0,_RNvMNtNtCs2wcMRR3yjZe_6ds323x6ds323x6alarmsINtB6_6Ds323xppE14set_alarm2_dayB6_
FNDA:0,_RNvMNtNtCs2wcMRR3yjZe_6ds323x6ds323x6alarmsINtB6_6Ds323xppE18set_alarm1_weekdayB6_
FNDA:0,_RNvMNtNtCs2wcMRR3yjZe_6ds323x6ds323x6alarmsINtB6_6Ds323xppE18set_alarm2_weekdayB6_
FNDA:0,_RNvNtNtCs2wcMRR3yjZe_6ds323x6ds323x6alarms10amend_hour
FNDA:0,_RNvNtNtCs2wcMRR3yjZe_6ds323x6ds323x6alarms13is_hour_valid
FNDA:0,_RNvNtNtCs2wcMRR3yjZe_6ds323x6ds323x6alarms24get_matching_mask_alarm1
FNDA:0,_RNvNtNtCs2wcMRR3yjZe_6ds323x6ds323x6alarms24get_matching_mask_alarm2
FNF:10
FNH:10
DA:116,66
DA:118,66
DA:119,9
DA:120,12
DA:121,12
DA:122,15
DA:123,18
DA:125,66
DA:127,57
DA:129,57
DA:130,12
DA:131,12
DA:132,15
DA:133,18
DA:135,57
DA:138,258
DA:139,36
DA:140,186
DA:141,36
DA:142,36
DA:143,177
DA:145,258
DA:148,258
DA:149,36
DA:150,186
DA:151,153
DA:152,36
DA:153,12
DA:154,36
DA:155,12
DA:157,258
DA:170,72
DA:171,72
DA:172,72
DA:173,72
DA:174,72
DA:175,72
DA:176,72
DA:177,72
DA:178,72
DA:180,72
DA:181,72
DA:182,72
DA:184,72
DA:185,51
DA:186,48
DA:187,39
DA:188,36
DA:189,42
DA:191,36
DA:192,36
DA:194,36
DA:195,36
DA:197,36
DA:198,36
DA:199,36
DA:200,36
DA:202,36
DA:203,72
DA:209,3
DA:210,3
DA:211,3
DA:212,3
DA:213,3
DA:214,3
DA:215,3
DA:216,3
DA:217,3
DA:226,66
DA:227,66
DA:228,66
DA:229,66
DA:230,66
DA:231,66
DA:232,66
DA:233,66
DA:234,66
DA:236,66
DA:237,66
DA:238,66
DA:239,66
DA:241,66
DA:242,45
DA:243,42
DA:244,9
DA:245,9
DA:246,36
DA:248,36
DA:249,30
DA:250,30
DA:251,30
DA:253,30
DA:254,30
DA:255,30
DA:256,30
DA:258,30
DA:259,66
DA:268,60
DA:269,60
DA:270,60
DA:271,60
DA:272,60
DA:273,60
DA:274,60
DA:275,60
DA:277,60
DA:278,60
DA:279,60
DA:281,60
DA:282,39
DA:283,36
DA:285,30
DA:286,30
DA:288,30
DA:289,30
DA:291,30
DA:292,30
DA:293,30
DA:295,30
DA:296,60
DA:302,3
DA:303,3
DA:304,3
DA:305,3
DA:306,3
DA:307,3
DA:308,3
DA:309,3
DA:318,60
DA:319,60
DA:320,60
DA:321,60
DA:322,60
DA:323,60
DA:324,60
DA:325,60
DA:327,60
DA:328,60
DA:329,60
DA:331,60
DA:332,39
DA:333,36
DA:335,33
DA:336,27
DA:337,27
DA:338,27
DA:340,27
DA:341,27
DA:342,27
DA:344,27
DA:345,60
BRF:0
BRH:0
LF:151
LH:151
end_of_record
SF:/home/paul/development/ds323x-rs/src/ds323x/configuration.rs
FN:56,_RNvMNtNtCshp8WEvMCFLY_6ds323x6ds323x13configurationINtB6_6Ds323xppE12aging_offsetB6_
FN:120,_RNvMNtNtCshp8WEvMCFLY_6ds323x6ds323x13configurationINtB6_6Ds323xppE13write_controlB6_
FN:50,_RNvMNtNtCshp8WEvMCFLY_6ds323x6ds323x13configurationINtB6_6Ds323xppE16set_aging_offsetB6_
FN:74,_RNvMNtNtCshp8WEvMCFLY_6ds323x6ds323x13configurationINtB6_6Ds323xppE18enable_square_waveB6_
FN:27,_RNvMNtNtCshp8WEvMCFLY_6ds323x6ds323x13configurationINtB6_6Ds323xppE19convert_temperatureB6_
FN:80,_RNvMNtNtCshp8WEvMCFLY_6ds323x6ds323x13configurationINtB6_6Ds323xppE19disable_square_waveB6_
FN:38,_RNvMNtNtCshp8WEvMCFLY_6ds323x6ds323x13configurationINtB6_6Ds323xppE19enable_32khz_outputB6_
FN:44,_RNvMNtNtCshp8WEvMCFLY_6ds323x6ds323x13configurationINtB6_6Ds323xppE20disable_32khz_outputB6_
FN:97,_RNvMNtNtCshp8WEvMCFLY_6ds323x6ds323x13configurationINtB6_6Ds323xppE24enable_alarm1_interruptsB6_
FN:109,_RNvMNtNtCshp8WEvMCFLY_6ds323x6ds323x13configurationINtB6_6Ds323xppE24enable_alarm2_interruptsB6_
FN:103,_RNvMNtNtCshp8WEvMCFLY_6ds323x6ds323x13configurationINtB6_6Ds323xppE25disable_alarm1_interruptsB6_
FN:115,_RNvMNtNtCshp8WEvMCFLY_6ds323x6ds323x13configurationINtB6_6Ds323xppE25disable_alarm2_interruptsB6_
FN:86,_RNvMNtNtCshp8WEvMCFLY_6ds323x6ds323x13configurationINtB6_6Ds323xppE25set_square_wave_frequencyB6_
FN:62,_RNvMNtNtCshp8WEvMCFLY_6ds323x6ds323x13configurationINtB6_6Ds323xppE31use_int_sqw_output_as_interruptB6_
FN:68,_RNvMNtNtCshp8WEvMCFLY_6ds323x6ds323x13configurationINtB6_6Ds323xppE33use_int_sqw_output_as_square_waveB6_
FN:126,_RNvMNtNtCshp8WEvMCFLY_6ds323x6ds323x13configurationINtB6_6Ds323xppE35write_status_without_clearing_alarmB6_
FN:13,_RNvMNtNtCshp8WEvMCFLY_6ds323x6ds323x13configurationINtB6_6Ds323xppE6enableB6_
FN:19,_RNvMNtNtCshp8WEvMCFLY_6ds323x6ds323x13configurationINtB6_6Ds323xppE7disableB6_
FN:56,_RNvMNtNtCshp8WEvMCFLY_6ds323x6ds323x13configurationINtB6_6Ds323xINtNtB6_9interface12I2cInterfaceINtNtCscnC7d4ZmEvv_17embedded_hal_mock6common7GenericNtNtNtB1B_3eh13i2c11TransactionEENtNtB6_2ic6DS3231E12aging_offsetCstlhY7MGOLb_13configuration
FN:120,_RNvMNtNtCshp8WEvMCFLY_6ds323x6ds323x13configurationINtB6_6Ds323xINtNtB6_9interface12I2cInterfaceINtNtCscnC7d4ZmEvv_17embedded_hal_mock6common7GenericNtNtNtB1B_3eh13i2c11TransactionEENtNtB6_2ic6DS3231E13write_controlCstlhY7MGOLb_13configuration
FN:50,_RNvMNtNtCshp8WEvMCFLY_6ds323x6ds323x13configurationINtB6_6Ds323xINtNtB6_9interface12I2cInterfaceINtNtCscnC7d4ZmEvv_17embedded_hal_mock6common7GenericNtNtNtB1B_3eh13i2c11TransactionEENtNtB6_2ic6DS3231E16set_aging_offsetCstlhY7MGOLb_13configuration
FN:74,_RNvMNtNtCshp8WEvMCFLY_6ds323x6ds323x13configurationINtB6_6Ds323xINtNtB6_9interface12I2cInterfaceINtNtCscnC7d4ZmEvv_17embedded_hal_mock6common7GenericNtNtNtB1B_3eh13i2c11TransactionEENtNtB6_2ic6DS3231E18enable_square_waveCstlhY7MGOLb_13configuration
FN:27,_RNvMNtNtCshp8WEvMCFLY_6ds323x6ds323x13configurationINtB6_6Ds323xINtNtB6_9interface12I2cInterfaceINtNtCscnC7d4ZmEvv_17embedded_hal_mock6common7GenericNtNtNtB1B_3eh13i2c11TransactionEENtNtB6_2ic6DS3231E19convert_temperatureCstlhY7MGOLb_13configuration
FN:80,_RNvMNtNtCshp8WEvMCFLY_6ds323x6ds323x13configurationINtB6_6Ds323xINtNtB6_9interface12I2cInterfaceINtNtCscnC7d4ZmEvv_17embedded_hal_mock6common7GenericNtNtNtB1B_3eh13i2c11TransactionEENtNtB6_2ic6DS3231E19disable_square_waveCstlhY7MGOLb_13configuration
FN:38,_RNvMNtNtCshp8WEvMCFLY_6ds323x6ds323x13configurationINtB6_6Ds323xINtNtB6_9interface12I2cInterfaceINtNtCscnC7d4ZmEvv_17embedded_hal_mock6common7GenericNtNtNtB1B_3eh13i2c11TransactionEENtNtB6_2ic6DS3231E19enable_32khz_outputCstlhY7MGOLb_13configuration
FN:44,_RNvMNtNtCshp8WEvMCFLY_6ds323x6ds323x13configurationINtB6_6Ds323xINtNtB6_9interface12I2cInterfaceINtNtCscnC7d4ZmEvv_17embedded_hal_mock6common7GenericNtNtNtB1B_3eh13i2c11TransactionEENtNtB6_2ic6DS3231E20disable_32khz_outputCstlhY7MGOLb_13configuration
FN:97,_RNvMNtNtCshp8WEvMCFLY_6ds323x6ds323x13configurationINtB6_6Ds323xINtNtB6_9interface12I2cInterfaceINtNtCscnC7d4ZmEvv_17embedded_hal_mock6common7GenericNtNtNtB1B_3eh13i2c11TransactionEENtNtB6_2ic6DS3231E24enable_alarm1_interruptsCstlhY7MGOLb_13configuration
FN:109,_RNvMNtNtCshp8WEvMCFLY_6ds323x6ds323x13configurationINtB6_6Ds323xINtNtB6_9interface12I2cInterfaceINtNtCscnC7d4ZmEvv_17embedded_hal_mock6common7GenericNtNtNtB1B_3eh13i2c11TransactionEENtNtB6_2ic6DS3231E24enable_alarm2_interruptsCstlhY7MGOLb_13configuration
FN:103,_RNvMNtNtCshp8WEvMCFLY_6ds323x6ds323x13configurationINtB6_6Ds323xINtNtB6_9interface12I2cInterfaceINtNtCscnC7d4ZmEvv_17embedded_hal_mock6common7GenericNtNtNtB1B_3eh13i2c11TransactionEENtNtB6_2ic6DS3231E25disable_alarm1_interruptsCstlhY7MGOLb_13configuration
FN:115,_RNvMNtNtCshp8WEvMCFLY_6ds323x6ds323x13configurationINtB6_6Ds323xINtNtB6_9interface12I2cInterfaceINtNtCscnC7d4ZmEvv_17embedded_hal_mock6common7GenericNtNtNtB1B_3eh13i2c11TransactionEENtNtB6_2ic6DS3231E25disable_alarm2_interruptsCstlhY7MGOLb_13configuration
FN:86,_RNvMNtNtCshp8WEvMCFLY_6ds323x6ds323x13configurationINtB6_6Ds323xINtNtB6_9interface12I2cInterfaceINtNtCscnC7d4ZmEvv_17embedded_hal_mock6common7GenericNtNtNtB1B_3eh13i2c11TransactionEENtNtB6_2ic6DS3231E25set_square_wave_frequencyCstlhY7MGOLb_13configuration
FN:62,_RNvMNtNtCshp8WEvMCFLY_6ds323x6ds323x13configurationINtB6_6Ds323xINtNtB6_9interface12I2cInterfaceINtNtCscnC7d4ZmEvv_17embedded_hal_mock6common7GenericNtNtNtB1B_3eh13i2c11TransactionEENtNtB6_2ic6DS3231E31use_int_sqw_output_as_interruptCstlhY7MGOLb_13configuration
FN:68,_RNvMNtNtCshp8WEvMCFLY_6ds323x6ds323x13configurationINtB6_6Ds323xINtNtB6_9interface12I2cInterfaceINtNtCscnC7d4ZmEvv_17embedded_hal_mock6common7GenericNtNtNtB1B_3eh13i2c11TransactionEENtNtB6_2ic6DS3231E33use_int_sqw_output_as_square_waveCstlhY7MGOLb_13configuration
FN:126,_RNvMNtNtCshp8WEvMCFLY_6ds323x6ds323x13configurationINtB6_6Ds323xINtNtB6_9interface12I2cInterfaceINtNtCscnC7d4ZmEvv_17embedded_hal_mock6common7GenericNtNtNtB1B_3eh13i2c11TransactionEENtNtB6_2ic6DS3231E35write_status_without_clearing_alarmCstlhY7MGOLb_13configuration
FN:13,_RNvMNtNtCshp8WEvMCFLY_6ds323x6ds323x13configurationINtB6_6Ds323xINtNtB6_9interface12I2cInterfaceINtNtCscnC7d4ZmEvv_17embedded_hal_mock6common7GenericNtNtNtB1B_3eh13i2c11TransactionEENtNtB6_2ic6DS3231E6enableCstlhY7MGOLb_13configuration
FN:19,_RNvMNtNtCshp8WEvMCFLY_6ds323x6ds323x13configurationINtB6_6Ds323xINtNtB6_9interface12I2cInterfaceINtNtCscnC7d4ZmEvv_17embedded_hal_mock6common7GenericNtNtNtB1B_3eh13i2c11TransactionEENtNtB6_2ic6DS3231E7disableCstlhY7MGOLb_13configuration
FN:56,_RNvMNtNtCshp8WEvMCFLY_6ds323x6ds323x13configurationINtB6_6Ds323xINtNtB6_9interface12I2cInterfaceINtNtCscnC7d4ZmEvv_17embedded_hal_mock6common7GenericNtNtNtB1B_3eh13i2c11TransactionEENtNtB6_2ic6DS3232E12aging_offsetCstlhY7MGOLb_13configuration
FN:120,_RNvMNtNtCshp8WEvMCFLY_6ds323x6ds323x13configurationINtB6_6Ds323xINtNtB6_9interface12I2cInterfaceINtNtCscnC7d4ZmEvv_17embedded_hal_mock6common7GenericNtNtNtB1B_3eh13i2c11TransactionEENtNtB6_2ic6DS3232E13write_controlCstlhY7MGOLb_13configuration
FN:50,_RNvMNtNtCshp8WEvMCFLY_6ds323x6ds323x13configurationINtB6_6Ds323xINtNtB6_9interface12I2cInterfaceINtNtCscnC7d4ZmEvv_17embedded_hal_mock6common7GenericNtNtNtB1B_3eh13i2c11TransactionEENtNtB6_2ic6DS3232E16set_aging_offsetCstlhY7MGOLb_13configuration
FN:74,_RNvMNtNtCshp8WEvMCFLY_6ds323x6ds323x13configurationINtB6_6Ds323xINtNtB6_9interface12I2cInterfaceINtNtCscnC7d4ZmEvv_17embedded_hal_mock6common7GenericNtNtNtB1B_3eh13i2c11TransactionEENtNtB6_2ic6DS3232E18enable_square_waveCstlhY7MGOLb_13configuration
FN:27,_RNvMNtNtCshp8WEvMCFLY_6ds323x6ds323x13configurationINtB6_6Ds323xINtNtB6_9interface12I2cInterfaceINtNtCscnC7d4ZmEvv_17embedded_hal_mock6common7GenericNtNtNtB1B_3eh13i2c11TransactionEENtNtB6_2ic6DS3232E19convert_temperatureCstlhY7MGOLb_13configuration
FN:80,_RNvMNtNtCshp8WEvMCFLY_6ds323x6ds323x13configurationINtB6_6Ds323xINtNtB6_9interface12I2cInterfaceINtNtCscnC7d4ZmEvv_17embedded_hal_mock6common7GenericNtNtNtB1B_3eh13i2c11TransactionEENtNtB6_2ic6DS3232E19disable_square_waveCstlhY7MGOLb_13configuration
FN:38,_RNvMNtNtCshp8WEvMCFLY_6ds323x6ds323x13configurationINtB6_6Ds323xINtNtB6_9interface12I2cInterfaceINtNtCscnC7d4ZmEvv_17embedded_hal_mock6common7GenericNtNtNtB1B_3eh13i2c11TransactionEENtNtB6_2ic6DS3232E19enable_32khz_outputCstlhY7MGOLb_13configuration
FN:44,_RNvMNtNtCshp8WEvMCFLY_6ds323x6ds323x13configurationINtB6_6Ds323xINtNtB6_9interface12I2cInterfaceINtNtCscnC7d4ZmEvv_17embedded_hal_mock6common7GenericNtNtNtB1B_3eh13i2c11TransactionEENtNtB6_2ic6DS3232E20disable_32khz_outputCstlhY7MGOLb_13configuration
FN:97,_RNvMNtNtCshp8WEvMCFLY_6ds323x6ds323x13configurationINtB6_6Ds323xINtNtB6_9interface12I2cInterfaceINtNtCscnC7d4ZmEvv_17embedded_hal_mock6common7GenericNtNtNtB1B_3eh13i2c11TransactionEENtNtB6_2ic6DS3232E24enable_alarm1_interruptsCstlhY7MGOLb_13configuration
FN:109,_RNvMNtNtCshp8WEvMCFLY_6ds323x6ds323x13configurationINtB6_6Ds323xINtNtB6_9interface12I2cInterfaceINtNtCscnC7d4ZmEvv_17embedded_hal_mock6common7GenericNtNtNtB1B_3eh13i2c11TransactionEENtNtB6_2ic6DS3232E24enable_alarm2_interruptsCstlhY7MGOLb_13configuration
FN:103,_RNvMNtNtCshp8WEvMCFLY_6ds323x6ds323x13configurationINtB6_6Ds323xINtNtB6_9interface12I2cInterfaceINtNtCscnC7d4ZmEvv_17embedded_hal_mock6common7GenericNtNtNtB1B_3eh13i2c11TransactionEENtNtB6_2ic6DS3232E25disable_alarm1_interruptsCstlhY7MGOLb_13configuration
FN:115,_RNvMNtNtCshp8WEvMCFLY_6ds323x6ds323x13configurationINtB6_6Ds323xINtNtB6_9interface12I2cInterfaceINtNtCscnC7d4ZmEvv_17embedded_hal_mock6common7GenericNtNtNtB1B_3eh13i2c11TransactionEENtNtB6_2ic6DS3232E25disable_alarm2_interruptsCstlhY7MGOLb_13configuration
FN:86,_RNvMNtNtCshp8WEvMCFLY_6ds323x6ds323x13configurationINtB6_6Ds323xINtNtB6_9interface12I2cInterfaceINtNtCscnC7d4ZmEvv_17embedded_hal_mock6common7GenericNtNtNtB1B_3eh13i2c11TransactionEENtNtB6_2ic6DS3232E25set_square_wave_frequencyCstlhY7MGOLb_13configuration
FN:62,_RNvMNtNtCshp8WEvMCFLY_6ds323x6ds323x13configurationINtB6_6Ds323xINtNtB6_9interface12I2cInterfaceINtNtCscnC7d4ZmEvv_17embedded_hal_mock6common7GenericNtNtNtB1B_3eh13i2c11TransactionEENtNtB6_2ic6DS3232E31use_int_sqw_output_as_interruptCstlhY7MGOLb_13configuration
FN:68,_RNvMNtNtCshp8WEvMCFLY_6ds323x6ds323x13configurationINtB6_6Ds323xINtNtB6_9interface12I2cInterfaceINtNtCscnC7d4ZmEvv_17embedded_hal_mock6common7GenericNtNtNtB1B_3eh13i2c11TransactionEENtNtB6_2ic6DS3232E33use_int_sqw_output_as_square_waveCstlhY7MGOLb_13configuration
FN:126,_RNvMNtNtCshp8WEvMCFLY_6ds323x6ds323x13configurationINtB6_6Ds323xINtNtB6_9interface12I2cInterfaceINtNtCscnC7d4ZmEvv_17embedded_hal_mock6common7GenericNtNtNtB1B_3eh13i2c11TransactionEENtNtB6_2ic6DS3232E35write_status_without_clearing_alarmCstlhY7MGOLb_13configuration
FN:13,_RNvMNtNtCshp8WEvMCFLY_6ds323x6ds323x13configurationINtB6_6Ds323xINtNtB6_9interface12I2cInterfaceINtNtCscnC7d4ZmEvv_17embedded_hal_mock6common7GenericNtNtNtB1B_3eh13i2c11TransactionEENtNtB6_2ic6DS3232E6enableCstlhY7MGOLb_13configuration
FN:19,_RNvMNtNtCshp8WEvMCFLY_6ds323x6ds323x13configurationINtB6_6Ds323xINtNtB6_9interface12I2cInterfaceINtNtCscnC7d4ZmEvv_17embedded_hal_mock6common7GenericNtNtNtB1B_3eh13i2c11TransactionEENtNtB6_2ic6DS3232E7disableCstlhY7MGOLb_13configuration
FN:56,_RNvMNtNtCshp8WEvMCFLY_6ds323x6ds323x13configurationINtB6_6Ds323xINtNtB6_9interface12SpiInterfaceINtNtCscnC7d4ZmEvv_17embedded_hal_mock6common7GenericINtNtNtB1B_3eh13spi11TransactionhEEENtNtB6_2ic6DS3234E12aging_offsetCstlhY7MGOLb_13configuration
FN:120,_RNvMNtNtCshp8WEvMCFLY_6ds323x6ds323x13configurationINtB6_6Ds323xINtNtB6_9interface12SpiInterfaceINtNtCscnC7d4ZmEvv_17embedded_hal_mock6common7GenericINtNtNtB1B_3eh13spi11TransactionhEEENtNtB6_2ic6DS3234E13write_controlCstlhY7MGOLb_13configuration
FN:50,_RNvMNtNtCshp8WEvMCFLY_6ds323x6ds323x13configurationINtB6_6Ds323xINtNtB6_9interface12SpiInterfaceINtNtCscnC7d4ZmEvv_17embedded_hal_mock6common7GenericINtNtNtB1B_3eh13spi11TransactionhEEENtNtB6_2ic6DS3234E16set_aging_offsetCstlhY7MGOLb_13configuration
FN:74,_RNvMNtNtCshp8WEvMCFLY_6ds323x6ds323x13configurationINtB6_6Ds323xINtNtB6_9interface12SpiInterfaceINtNtCscnC7d4ZmEvv_17embedded_hal_mock6common7GenericINtNtNtB1B_3eh13spi11TransactionhEEENtNtB6_2ic6DS3234E18enable_square_waveCstlhY7MGOLb_13configuration
FN:27,_RNvMNtNtCshp8WEvMCFLY_6ds323x6ds323x13configurationINtB6_6Ds323xINtNtB6_9interface12SpiInterfaceINtNtCscnC7d4ZmEvv_17embedded_hal_mock6common7GenericINtNtNtB1B_3eh13spi11TransactionhEEENtNtB6_2ic6DS3234E19convert_temperatureCstlhY7MGOLb_13configuration
FN:80,_RNvMNtNtCshp8WEvMCFLY_6ds323x6ds323x13configurationINtB6_6Ds323xINtNtB6_9interface12SpiInterfaceINtNtCscnC7d4ZmEvv_17embedded_hal_mock6common7GenericINtNtNtB1B_3eh13spi11TransactionhEEENtNtB6_2ic6DS3234E19disable_square_waveCstlhY7MGOLb_13configuration
FN:38,_RNvMNtNtCshp8WEvMCFLY_6ds323x6ds323x13configurationINtB6_6Ds323xINtNtB6_9interface12SpiInterfaceINtNtCscnC7d4ZmEvv_17embedded_hal_mock6common7GenericINtNtNtB1B_3eh13spi11TransactionhEEENtNtB6_2ic6DS3234E19enable_32khz_outputCstlhY7MGOLb_13configuration
FN:44,_RNvMNtNtCshp8WEvMCFLY_6ds323x6ds323x13configurationINtB6_6Ds323xINtNtB6_9interface12SpiInterfaceINtNtCscnC7d4ZmEvv_17embedded_hal_mock6common7GenericINtNtNtB1B_3eh13spi11TransactionhEEENtNtB6_2ic6DS3234E20disable_32khz_outputCstlhY7MGOLb_13configuration
FN:97,_RNvMNtNtCshp8WEvMCFLY_6ds323x6ds323x13configurationINtB6_6Ds323xINtNtB6_9interface12SpiInterfaceINtNtCscnC7d4ZmEvv_17embedded_hal_mock6common7GenericINtNtNtB1B_3eh13spi11TransactionhEEENtNtB6_2ic6DS3234E24enable_alarm1_interruptsCstlhY7MGOLb_13configuration
FN:109,_RNvMNtNtCshp8WEvMCFLY_6ds323x6ds323x13configurationINtB6_6Ds323xINtNtB6_9interface12SpiInterfaceINtNtCscnC7d4ZmEvv_17embedded_hal_mock6common7GenericINtNtNtB1B_3eh13spi11TransactionhEEENtNtB6_2ic6DS3234E24enable_alarm2_interruptsCstlhY7MGOLb_13configuration
FN:103,_RNvMNtNtCshp8WEvMCFLY_6ds323x6ds323x13configurationINtB6_6Ds323xINtNtB6_9interface12SpiInterfaceINtNtCscnC7d4ZmEvv_17embedded_hal_mock6common7GenericINtNtNtB1B_3eh13spi11TransactionhEEENtNtB6_2ic6DS3234E25disable_alarm1_interruptsCstlhY7MGOLb_13configuration
FN:115,_RNvMNtNtCshp8WEvMCFLY_6ds323x6ds323x13configurationINtB6_6Ds323xINtNtB6_9interface12SpiInterfaceINtNtCscnC7d4ZmEvv_17embedded_hal_mock6common7GenericINtNtNtB1B_3eh13spi11TransactionhEEENtNtB6_2ic6DS3234E25disable_alarm2_interruptsCstlhY7MGOLb_13configuration
FN:86,_RNvMNtNtCshp8WEvMCFLY_6ds323x6ds323x13configurationINtB6_6Ds323xINtNtB6_9interface12SpiInterfaceINtNtCscnC7d4ZmEvv_17embedded_hal_mock6common7GenericINtNtNtB1B_3eh13spi11TransactionhEEENtNtB6_2ic6DS3234E25set_square_wave_frequencyCstlhY7MGOLb_13configuration
FN:62,_RNvMNtNtCshp8WEvMCFLY_6ds323x6ds323x13configurationINtB6_6Ds323xINtNtB6_9interface12SpiInterfaceINtNtCscnC7d4ZmEvv_17embedded_hal_mock6common7GenericINtNtNtB1B_3eh13spi11TransactionhEEENtNtB6_2ic6DS3234E31use_int_sqw_output_as_interruptCstlhY7MGOLb_13configuration
FN:68,_RNvMNtNtCshp8WEvMCFLY_6ds323x6ds323x13configurationINtB6_6Ds323xINtNtB6_9interface12SpiInterfaceINtNtCscnC7d4ZmEvv_17embedded_hal_mock6common7GenericINtNtNtB1B_3eh13spi11TransactionhEEENtNtB6_2ic6DS3234E33use_int_sqw_output_as_square_waveCstlhY7MGOLb_13configuration
FN:126,_RNvMNtNtCshp8WEvMCFLY_6ds323x6ds323x13configurationINtB6_6Ds323xINtNtB6_9interface12SpiInterfaceINtNtCscnC7d4ZmEvv_17embedded_hal_mock6common7GenericINtNtNtB1B_3eh13spi11TransactionhEEENtNtB6_2ic6DS3234E35write_status_without_clearing_alarmCstlhY7MGOLb_13configuration
FN:13,_RNvMNtNtCshp8WEvMCFLY_6ds323x6ds323x13configurationINtB6_6Ds323xINtNtB6_9interface12SpiInterfaceINtNtCscnC7d4ZmEvv_17embedded_hal_mock6common7GenericINtNtNtB1B_3eh13spi11TransactionhEEENtNtB6_2ic6DS3234E6enableCstlhY7MGOLb_13configuration
FN:19,_RNvMNtNtCshp8WEvMCFLY_6ds323x6ds323x13configurationINtB6_6Ds323xINtNtB6_9interface12SpiInterfaceINtNtCscnC7d4ZmEvv_17embedded_hal_mock6common7GenericINtNtNtB1B_3eh13spi11TransactionhEEENtNtB6_2ic6DS3234E7disableCstlhY7MGOLb_13configuration
FN:126,_RNvMNtNtCshp8WEvMCFLY_6ds323x6ds323x13configurationINtB6_6Ds323xINtNtB6_9interface12I2cInterfaceINtNtCscnC7d4ZmEvv_17embedded_hal_mock6common7GenericNtNtNtB1B_3eh13i2c11TransactionEENtNtB6_2ic6DS3232E35write_status_without_clearing_alarmCsiFCoyleaSby_8ds3232_4
FN:126,_RNvMNtNtCshp8WEvMCFLY_6ds323x6ds323x13configurationINtB6_6Ds323xINtNtB6_9interface12SpiInterfaceINtNtCscnC7d4ZmEvv_17embedded_hal_mock6common7GenericINtNtNtB1B_3eh13spi11TransactionhEEENtNtB6_2ic6DS3234E35write_status_without_clearing_alarmCsiFCoyleaSby_8ds3232_4
FN:56,_RNvMNtNtCs2wcMRR3yjZe_6ds323x6ds323x13configurationINtB6_6Ds323xppE12aging_offsetB6_
FN:120,_RNvMNtNtCs2wcMRR3yjZe_6ds323x6ds323x13configurationINtB6_6Ds323xppE13write_controlB6_
FN:50,_RNvMNtNtCs2wcMRR3yjZe_6ds323x6ds323x13configurationINtB6_6Ds323xppE16set_aging_offsetB6_
FN:74,_RNvMNtNtCs2wcMRR3yjZe_6ds323x6ds323x13configurationINtB6_6Ds323xppE18enable_square_waveB6_
FN:27,_RNvMNtNtCs2wcMRR3yjZe_6ds323x6ds323x13configurationINtB6_6Ds323xppE19convert_temperatureB6_
FN:80,_RNvMNtNtCs2wcMRR3yjZe_6ds323x6ds323x13configurationINtB6_6Ds323xppE19disable_square_waveB6_
FN:38,_RNvMNtNtCs2wcMRR3yjZe_6ds323x6ds323x13configurationINtB6_6Ds323xppE19enable_32khz_outputB6_
FN:44,_RNvMNtNtCs2wcMRR3yjZe_6ds323x6ds323x13configurationINtB6_6Ds323xppE20disable_32khz_outputB6_
FN:97,_RNvMNtNtCs2wcMRR3yjZe_6ds323x6ds323x13configurationINtB6_6Ds323xppE24enable_alarm1_interruptsB6_
FN:109,_RNvMNtNtCs2wcMRR3yjZe_6ds323x6ds323x13configurationINtB6_6Ds323xppE24enable_alarm2_interruptsB6_
FN:103,_RNvMNtNtCs2wcMRR3yjZe_6ds323x6ds323x13configurationINtB6_6Ds323xppE25disable_alarm1_interruptsB6_
FN:115,_RNvMNtNtCs2wcMRR3yjZe_6ds323x6ds323x13configurationINtB6_6Ds323xppE25disable_alarm2_interruptsB6_
FN:86,_RNvMNtNtCs2wcMRR3yjZe_6ds323x6ds323x13configurationINtB6_6Ds323xppE25set_square_wave_frequencyB6_
FN:62,_RNvMNtNtCs2wcMRR3yjZe_6ds323x6ds323x13configurationINtB6_6Ds323xppE31use_int_sqw_output_as_interruptB6_
FN:68,_RNvMNtNtCs2wcMRR3yjZe_6ds323x6ds323x13configurationINtB6_6Ds323xppE33use_int_sqw_output_as_square_waveB6_
FN:126,_RNvMNtNtCs2wcMRR3yjZe_6ds323x6ds323x13configurationINtB6_6Ds323xppE35write_status_without_clearing_alarmB6_
FN:13,_RNvMNtNtCs2wcMRR3yjZe_6ds323x6ds323x13configurationINtB6_6Ds323xppE6enableB6_
FN:19,_RNvMNtNtCs2wcMRR3yjZe_6ds323x6ds323x13configurationINtB6_6Ds323xppE7disableB6_
FNDA:0,_RNvMNtNtCshp8WEvMCFLY_6ds323x6ds323x13configurationINtB6_6Ds323xppE12aging_offsetB6_
FNDA:0,_RNvMNtNtCshp8WEvMCFLY_6ds323x6ds323x13configurationINtB6_6Ds323xppE13write_controlB6_
FNDA:0,_RNvMNtNtCshp8WEvMCFLY_6ds323x6ds323x13configurationINtB6_6Ds323xppE16set_aging_offsetB6_
FNDA:0,_RNvMNtNtCshp8WEvMCFLY_6ds323x6ds323x13configurationINtB6_6Ds323xppE18enable_square_waveB6_
FNDA:0,_RNvMNtNtCshp8WEvMCFLY_6ds323x6ds323x13configurationINtB6_6Ds323xppE19convert_temperatureB6_
FNDA:0,_RNvMNtNtCshp8WEvMCFLY_6ds323x6ds323x13configurationINtB6_6Ds323xppE19disable_square_waveB6_
FNDA:0,_RNvMNtNtCshp8WEvMCFLY_6ds323x6ds323x13configurationINtB6_6Ds323xppE19enable_32khz_outputB6_
FNDA:0,_RNvMNtNtCshp8WEvMCFLY_6ds323x6ds323x13configurationINtB6_6Ds323xppE20disable_32khz_outputB6_
FNDA:0,_RNvMNtNtCshp8WEvMCFLY_6ds323x6ds323x13configurationINtB6_6Ds323xppE24enable_alarm1_interruptsB6_
FNDA:0,_RNvMNtNtCshp8WEvMCFLY_6ds323x6ds323x13configurationINtB6_6Ds323xppE24enable_alarm2_interruptsB6_
FNDA:0,_RNvMNtNtCshp8WEvMCFLY_6ds323x6ds323x13configurationINtB6_6Ds323xppE25disable_alarm1_interruptsB6_
FNDA:0,_RNvMNtNtCshp8WEvMCFLY_6ds323x6ds323x13configurationINtB6_6Ds323xppE25disable_alarm2_interruptsB6_
FNDA:0,_RNvMNtNtCshp8WEvMCFLY_6ds323x6ds323x13configurationINtB6_6Ds323xppE25set_square_wave_frequencyB6_
FNDA:0,_RNvMNtNtCshp8WEvMCFLY_6ds323x6ds323x13configurationINtB6_6Ds323xppE31use_int_sqw_output_as_interruptB6_
FNDA:0,_RNvMNtNtCshp8WEvMCFLY_6ds323x6ds323x13configurationINtB6_6Ds323xppE33use_int_sqw_output_as_square_waveB6_
FNDA:0,_RNvMNtNtCshp8WEvMCFLY_6ds323x6ds323x13configurationINtB6_6Ds323xppE35write_status_without_clearing_alarmB6_
FNDA:0,_RNvMNtNtCshp8WEvMCFLY_6ds323x6ds323x13configurationINtB6_6Ds323xppE6enableB6_
FNDA:0,_RNvMNtNtCshp8WEvMCFLY_6ds323x6ds323x13configurationINtB6_6Ds323xppE7disableB6_
FNDA:2,_RNvMNtNtCshp8WEvMCFLY_6ds323x6ds323x13configurationINtB6_6Ds323xINtNtB6_9interface12I2cInterfaceINtNtCscnC7d4ZmEvv_17embedded_hal_mock6common7GenericNtNtNtB1B_3eh13i2c11TransactionEENtNtB6_2ic6DS3231E12aging_offsetCstlhY7MGOLb_13configuration
FNDA:14,_RNvMNtNtCshp8WEvMCFLY_6ds323x6ds323x13configurationINtB6_6Ds323xINtNtB6_9interface12I2cInterfaceINtNtCscnC7d4ZmEvv_17embedded_hal_mock6common7GenericNtNtNtB1B_3eh13i2c11TransactionEENtNtB6_2ic6DS3231E13write_controlCstlhY7MGOLb_13configuration
FNDA:2,_RNvMNtNtCshp8WEvMCFLY_6ds323x6ds323x13configurationINtB6_6Ds323xINtNtB6_9interface12I2cInterfaceINtNtCscnC7d4ZmEvv_17embedded_hal_mock6common7GenericNtNtNtB1B_3eh13i2c11TransactionEENtNtB6_2ic6DS3231E16set_aging_offsetCstlhY7MGOLb_13configuration
FNDA:1,_RNvMNtNtCshp8WEvMCFLY_6ds323x6ds323x13configurationINtB6_6Ds323xINtNtB6_9interface12I2cInterfaceINtNtCscnC7d4ZmEvv_17embedded_hal_mock6common7GenericNtNtNtB1B_3eh13i2c11TransactionEENtNtB6_2ic6DS3231E18enable_square_waveCstlhY7MGOLb_13configuration
FNDA:2,_RNvMNtNtCshp8WEvMCFLY_6ds323x6ds323x13configurationINtB6_6Ds323xINtNtB6_9interface12I2cInterfaceINtNtCscnC7d4ZmEvv_17embedded_hal_mock6common7GenericNtNtNtB1B_3eh13i2c11TransactionEENtNtB6_2ic6DS3231E19convert_temperatureCstlhY7MGOLb_13configuration
FNDA:1,_RNvMNtNtCshp8WEvMCFLY_6ds323x6ds323x13configurationINtB6_6Ds323xINtNtB6_9interface12I2cInterfaceINtNtCscnC7d4ZmEvv_17embedded_hal_mock6common7GenericNtNtNtB1B_3eh13i2c11TransactionEENtNtB6_2ic6DS3231E19disable_square_waveCstlhY7MGOLb_13configuration
FNDA:1,_RNvMNtNtCshp8WEvMCFLY_6ds323x6ds323x13configurationINtB6_6Ds323xINtNtB6_9interface12I2cInterfaceINtNtCscnC7d4ZmEvv_17embedded_hal_mock6common7GenericNtNtNtB1B_3eh13i2c11TransactionEENtNtB6_2ic6DS3231E19enable_32khz_outputCstlhY7MGOLb_13configuration
FNDA:1,_RNvMNtNtCshp8WEvMCFLY_6ds323x6ds323x13configurationINtB6_6Ds323xINtNtB6_9interface12I2cInterfaceINtNtCscnC7d4ZmEvv_17embedded_hal_mock6common7GenericNtNtNtB1B_3eh13i2c11TransactionEENtNtB6_2ic6DS3231E20disable_32khz_outputCstlhY7MGOLb_13configuration
FNDA:1,_RNvMNtNtCshp8WEvMCFLY_6ds323x6ds323x13configurationINtB6_6Ds323xINtNtB6_9interface12I2cInterfaceINtNtCscnC7d4ZmEvv_17embedded_hal_mock6common7GenericNtNtNtB1B_3eh13i2c11TransactionEENtNtB6_2ic6DS3231E24enable_alarm1_interruptsCstlhY7MGOLb_13configuration
FNDA:1,_RNvMNtNtCshp8WEvMCFLY_6ds323x6ds323x13configurationINtB6_6Ds323xINtNtB6_9interface12I2cInterfaceINtNtCscnC7d4ZmEvv_17embedded_hal_mock6common7GenericNtNtNtB1B_3eh13i2c11TransactionEENtNtB6_2ic6DS3231E24enable_alarm2_interruptsCstlhY7MGOLb_13configuration
FNDA:1,_RNvMNtNtCshp8WEvMCFLY_6ds323x6ds323x13configurationINtB6_6Ds323xINtNtB6_9interface12I2cInterfaceINtNtCscnC7d4ZmEvv_17embedded_hal_mock6common7GenericNtNtNtB1B_3eh13i2c11TransactionEENtNtB6_2ic6DS3231E25disable_alarm1_interruptsCstlhY7MGOLb_13configuration
FNDA:1,_RNvMNtNtCshp8WEvMCFLY_6ds323x6ds323x13configurationINtB6_6Ds323xINtNtB6_9interface12I2cInterfaceINtNtCscnC7d4ZmEvv_17embedded_hal_mock6common7GenericNtNtNtB1B_3eh13i2c11TransactionEENtNtB6_2ic6DS3231E25disable_alarm2_interruptsCstlhY7MGOLb_13configuration
FNDA:4,_RNvMNtNtCshp8WEvMCFLY_6ds323x6ds323x13configurationINtB6_6Ds323xINtNtB6_9interface12I2cInterfaceINtNtCscnC7d4ZmEvv_17embedded_hal_mock6common7GenericNtNtNtB1B_3eh13i2c11TransactionEENtNtB6_2ic6DS3231E25set_square_wave_frequencyCstlhY7MGOLb_13configuration
FNDA:1,_RNvMNtNtCshp8WEvMCFLY_6ds323x6ds323x13configurationINtB6_6Ds323xINtNtB6_9interface12I2cInterfaceINtNtCscnC7d4ZmEvv_17embedded_hal_mock6common7GenericNtNtNtB1B_3eh13i2c11TransactionEENtNtB6_2ic6DS3231E31use_int_sqw_output_as_interruptCstlhY7MGOLb_13configuration
FNDA:1,_RNvMNtNtCshp8WEvMCFLY_6ds323x6ds323x13configurationINtB6_6Ds323xINtNtB6_9interface12I2cInterfaceINtNtCscnC7d4ZmEvv_17embedded_hal_mock6common7GenericNtNtNtB1B_3eh13i2c11TransactionEENtNtB6_2ic6DS3231E33use_int_sqw_output_as_square_waveCstlhY7MGOLb_13configuration
FNDA:3,_RNvMNtNtCshp8WEvMCFLY_6ds323x6ds323x13configurationINtB6_6Ds323xINtNtB6_9interface12I2cInterfaceINtNtCscnC7d4ZmEvv_17embedded_hal_mock6common7GenericNtNtNtB1B_3eh13i2c11TransactionEENtNtB6_2ic6DS3231E35write_status_without_clearing_alarmCstlhY7MGOLb_13configuration
FNDA:1,_RNvMNtNtCshp8WEvMCFLY_6ds323x6ds323x13configurationINtB6_6Ds323xINtNtB6_9interface12I2cInterfaceINtNtCscnC7d4ZmEvv_17embedded_hal_mock6common7GenericNtNtNtB1B_3eh13i2c11TransactionEENtNtB6_2ic6DS3231E6enableCstlhY7MGOLb_13configuration
FNDA:1,_RNvMNtNtCshp8WEvMCFLY_6ds323x6ds323x13configurationINtB6_6Ds323xINtNtB6_9interface12I2cInterfaceINtNtCscnC7d4ZmEvv_17embedded_hal_mock6common7GenericNtNtNtB1B_3eh13i2c11TransactionEENtNtB6_2ic6DS3231E7disableCstlhY7MGOLb_13configuration
FNDA:2,_RNvMNtNtCshp8WEvMCFLY_6ds323x6ds323x13configurationINtB6_6Ds323xINtNtB6_9interface12I2cInterfaceINtNtCscnC7d4ZmEvv_17embedded_hal_mock6common7GenericNtNtNtB1B_3eh13i2c11TransactionEENtNtB6_2ic6DS3232E12aging_offsetCstlhY7MGOLb_13configuration
FNDA:14,_RNvMNtNtCshp8WEvMCFLY_6ds323x6ds323x13configurationINtB6_6Ds323xINtNtB6_9interface12I2cInterfaceINtNtCscnC7d4ZmEvv_17embedded_hal_mock6common7GenericNtNtNtB1B_3eh13i2c11TransactionEENtNtB6_2ic6DS3232E13write_controlCstlhY7MGOLb_13configuration
FNDA:2,_RNvMNtNtCshp8WEvMCFLY_6ds323x6ds323x13configurationINtB6_6Ds323xINtNtB6_9interface12I2cInterfaceINtNtCscnC7d4ZmEvv_17embedded_hal_mock6common7GenericNtNtNtB1B_3eh13i2c11TransactionEENtNtB6_2ic6DS3232E16set_aging_offsetCstlhY7MGOLb_13configuration
FNDA:1,_RNvMNtNtCshp8WEvMCFLY_6ds323x6ds323x13configurationINtB6_6Ds323xINtNtB6_9interface12I2cInterfaceINtNtCscnC7d4ZmEvv_17embedded_hal_mock6common7GenericNtNtNtB1B_3eh13i2c11TransactionEENtNtB6_2ic6DS3232E18enable_square_waveCstlhY7MGOLb_13configuration
FNDA:2,_RNvMNtNtCshp8WEvMCFLY_6ds323x6ds323x13configurationINtB6_6Ds323xINtNtB6_9interface12I2cInterfaceINtNtCscnC7d4ZmEvv_17embedded_hal_mock6common7GenericNtNtNtB1B_3eh13i2c11TransactionEENtNtB6_2ic6DS3232E19convert_temperatureCstlhY7MGOLb_13configuration
FNDA:1,_RNvMNtNtCshp8WEvMCFLY_6ds323x6ds323x13configurationINtB6_6Ds323xINtNtB6_9interface12I2cInterfaceINtNtCscnC7d4ZmEvv_17embedded_hal_mock6common7GenericNtNtNtB1B_3eh13i2c11TransactionEENtNtB6_2ic6DS3232E19disable_square_waveCstlhY7MGOLb_13configuration
FNDA:1,_RNvMNtNtCshp8WEvMCFLY_6ds323x6ds323x13configurationINtB6_6Ds323xINtNtB6_9interface12I2cInterfaceINtNtCscnC7d4ZmEvv_17embedded_hal_mock6common7GenericNtNtNtB1B_3eh13i2c11TransactionEENtNtB6_2ic6DS3232E19enable_32khz_outputCstlhY7MGOLb_13configuration
FNDA:1,_RNvMNtNtCshp8WEvMCFLY_6ds323x6ds323x13configurationINtB6_6Ds323xINtNtB6_9interface12I2cInterfaceINtNtCscnC7d4ZmEvv_17embedded_hal_mock6common7GenericNtNtNtB1B_3eh13i2c11TransactionEENtNtB6_2ic6DS3232E20disable_32khz_outputCstlhY7MGOLb_13configuration
FNDA:1,_RNvMNtNtCshp8WEvMCFLY_6ds323x6ds323x13configurationINtB6_6Ds323xINtNtB6_9interface12I2cInterfaceINtNtCscnC7d4ZmEvv_17embedded_hal_mock6common7GenericNtNtNtB1B_3eh13i2c11TransactionEENtNtB6_2ic6DS3232E24enable_alarm1_interruptsCstlhY7MGOLb_13configuration
FNDA:1,_RNvMNtNtCshp8WEvMCFLY_6ds323x6ds323x13configurationINtB6_6Ds323xINtNtB6_9interface12I2cInterfaceINtNtCscnC7d4ZmEvv_17embedded_hal_mock6common7GenericNtNtNtB1B_3eh13i2c11TransactionEENtNtB6_2ic6DS3232E24enable_alarm2_interruptsCstlhY7MGOLb_13configuration
FNDA:1,_RNvMNtNtCshp8WEvMCFLY_6ds323x6ds323x13configurationINtB6_6Ds323xINtNtB6_9interface12I2cInterfaceINtNtCscnC7d4ZmEvv_17embedded_hal_mock6common7GenericNtNtNtB1B_3eh13i2c11TransactionEENtNtB6_2ic6DS3232E25disable_alarm1_interruptsCstlhY7MGOLb_13configuration
FNDA:1,_RNvMNtNtCshp8WEvMCFLY_6ds323x6ds323x13configurationINtB6_6Ds323xINtNtB6_9interface12I2cInterfaceINtNtCscnC7d4ZmEvv_17embedded_hal_mock6common7GenericNtNtNtB1B_3eh13i2c11TransactionEENtNtB6_2ic6DS3232E25disable_alarm2_interruptsCstlhY7MGOLb_13configuration
FNDA:4,_RNvMNtNtCshp8WEvMCFLY_6ds323x6ds323x13configurationINtB6_6Ds323xINtNtB6_9interface12I2cInterfaceINtNtCscnC7d4ZmEvv_17embedded_hal_mock6common7GenericNtNtNtB1B_3eh13i2c11TransactionEENtNtB6_2ic6DS3232E25set_square_wave_frequencyCstlhY7MGOLb_13configuration
FNDA:1,_RNvMNtNtCshp8WEvMCFLY_6ds323x6ds323x13configurationINtB6_6Ds323xINtNtB6_9interface12I2cInterfaceINtNtCscnC7d4ZmEvv_17embedded_hal_mock6common7GenericNtNtNtB1B_3eh13i2c11TransactionEENtNtB6_2ic6DS3232E31use_int_sqw_output_as_interruptCstlhY7MGOLb_13configuration
FNDA:1,_RNvMNtNtCshp8WEvMCFLY_6ds323x6ds323x13configurationINtB6_6Ds323xINtNtB6_9interface12I2cInterfaceINtNtCscnC7d4ZmEvv_17embedded_hal_mock6common7GenericNtNtNtB1B_3eh13i2c11TransactionEENtNtB6_2ic6DS3232E33use_int_sqw_output_as_square_waveCstlhY7MGOLb_13configuration
FNDA:3,_RNvMNtNtCshp8WEvMCFLY_6ds323x6ds323x13configurationINtB6_6Ds323xINtNtB6_9interface12I2cInterfaceINtNtCscnC7d4ZmEvv_17embedded_hal_mock6common7GenericNtNtNtB1B_3eh13i2c11TransactionEENtNtB6_2ic6DS3232E35write_status_without_clearing_alarmCstlhY7MGOLb_13configuration
FNDA:1,_RNvMNtNtCshp8WEvMCFLY_6ds323x6ds323x13configurationINtB6_6Ds323xINtNtB6_9interface12I2cInterfaceINtNtCscnC7d4ZmEvv_17embedded_hal_mock6common7GenericNtNtNtB1B_3eh13i2c11TransactionEENtNtB6_2ic6DS3232E6enableCstlhY7MGOLb_13configuration
FNDA:1,_RNvMNtNtCshp8WEvMCFLY_6ds323x6ds323x13configurationINtB6_6Ds323xINtNtB6_9interface12I2cInterfaceINtNtCscnC7d4ZmEvv_17embedded_hal_mock6common7GenericNtNtNtB1B_3eh13i2c11TransactionEENtNtB6_2ic6DS3232E7disableCstlhY7MGOLb_13configuration
FNDA:2,_RNvMNtNtCshp8WEvMCFLY_6ds323x6ds323x13configurationINtB6_6Ds323xINtNtB6_9interface12SpiInterfaceINtNtCscnC7d4ZmEvv_17embedded_hal_mock6common7GenericINtNtNtB1B_3eh13spi11TransactionhEEENtNtB6_2ic6DS3234E12aging_offsetCstlhY7MGOLb_13configuration
FNDA:14,_RNvMNtNtCshp8WEvMCFLY_6ds323x6ds323x13configurationINtB6_6Ds323xINtNtB6_9interface12SpiInterfaceINtNtCscnC7d4ZmEvv_17embedded_hal_mock6common7GenericINtNtNtB1B_3eh13spi11TransactionhEEENtNtB6_2ic6DS3234E13write_controlCstlhY7MGOLb_13configuration
FNDA:2,_RNvMNtNtCshp8WEvMCFLY_6ds323x6ds323x13configurationINtB6_6Ds323xINtNtB6_9interface12SpiInterfaceINtNtCscnC7d4ZmEvv_17embedded_hal_mock6common7GenericINtNtNtB1B_3eh13spi11TransactionhEEENtNtB6_2ic6DS3234E16set_aging_offsetCstlhY7MGOLb_13configuration
FNDA:1,_RNvMNtNtCshp8WEvMCFLY_6ds323x6ds323x13configurationINtB6_6Ds323xINtNtB6_9interface12SpiInterfaceINtNtCscnC7d4ZmEvv_17embedded_hal_mock6common7GenericINtNtNtB1B_3eh13spi11TransactionhEEENtNtB6_2ic6DS3234E18enable_square_waveCstlhY7MGOLb_13configuration
FNDA:2,_RNvMNtNtCshp8WEvMCFLY_6ds323x6ds323x13configurationINtB6_6Ds323xINtNtB6_9interface12SpiInterfaceINtNtCscnC7d4ZmEvv_17embedded_hal_mock6common7GenericINtNtNtB1B_3eh13spi11TransactionhEEENtNtB6_2ic6DS3234E19convert_temperatureCstlhY7MGOLb_13configuration
FNDA:1,_RNvMNtNtCshp8WEvMCFLY_6ds323x6ds323x13configurationINtB6_6Ds323xINtNtB6_9interface12SpiInterfaceINtNtCscnC7d4ZmEvv_17embedded_hal_mock6common7GenericINtNtNtB1B_3eh13spi11TransactionhEEENtNtB6_2ic6DS3234E19disable_square_waveCstlhY7MGOLb_13configuration
FNDA:1,_RNvMNtNtCshp8WEvMCFLY_6ds323x6ds323x13configurationINtB6_6Ds323xINtNtB6_9interface12SpiInterfaceINtNtCscnC7d4ZmEvv_17embedded_hal_mock6common7GenericINtNtNtB1B_3eh13spi11TransactionhEEENtNtB6_2ic6DS3234E19enable_32khz_outputCstlhY7MGOLb_13configuration
FNDA:1,_RNvMNtNtCshp8WEvMCFLY_6ds323x6ds323x13configurationINtB6_6Ds323xINtNtB6_9interface12SpiInterfaceINtNtCscnC7d4ZmEvv_17embedded_hal_mock6common7GenericINtNtNtB1B_3eh13spi11TransactionhEEENtNtB6_2ic6DS3234E20disable_32khz_outputCstlhY7MGOLb_13configuration
FNDA:1,_RNvMNtNtCshp8WEvMCFLY_6ds323x6ds323x13configurationINtB6_6Ds323xINtNtB6_9interface12SpiInterfaceINtNtCscnC7d4ZmEvv_17embedded_hal_mock6common7GenericINtNtNtB1B_3eh13spi11TransactionhEEENtNtB6_2ic6DS3234E24enable_alarm1_interruptsCstlhY7MGOLb_13configuration
FNDA:1,_RNvMNtNtCshp8WEvMCFLY_6ds323x6ds323x13configurationINtB6_6Ds323xINtNtB6_9interface12SpiInterfaceINtNtCscnC7d4ZmEvv_17embedded_hal_mock6common7GenericINtNtNtB1B_3eh13spi11TransactionhEEENtNtB6_2ic6DS3234E24enable_alarm2_interruptsCstlhY7MGOLb_13configuration
FNDA:1,_RNvMNtNtCshp8WEvMCFLY_6ds323x6ds323x13configurationINtB6_6Ds323xINtNtB6_9interface12SpiInterfaceINtNtCscnC7d4ZmEvv_17embedded_hal_mock6common7GenericINtNtNtB1B_3eh13spi11TransactionhEEENtNtB6_2ic6DS3234E25disable_alarm1_interruptsCstlhY7MGOLb_13configuration
FNDA:1,_RNvMNtNtCshp8WEvMCFLY_6ds323x6ds323x13configurationINtB6_6Ds323xINtNtB6_9interface12SpiInterfaceINtNtCscnC7d4ZmEvv_17embedded_hal_mock6common7GenericINtNtNtB1B_3eh13spi11TransactionhEEENtNtB6_2ic6DS3234E25disable_alarm2_interruptsCstlhY7MGOLb_13configuration
FNDA:4,_RNvMNtNtCshp8WEvMCFLY_6ds323x6ds323x13configurationINtB6_6Ds323xINtNtB6_9interface12SpiInterfaceINtNtCscnC7d4ZmEvv_17embedded_hal_mock6common7GenericINtNtNtB1B_3eh13spi11TransactionhEEENtNtB6_2ic6DS3234E25set_square_wave_frequencyCstlhY7MGOLb_13configuration
FNDA:1,_RNvMNtNtCshp8WEvMCFLY_6ds323x6ds323x13configurationINtB6_6Ds323xINtNtB6_9interface12SpiInterfaceINtNtCscnC7d4ZmEvv_17embedded_hal_mock6common7GenericINtNtNtB1B_3eh13spi11TransactionhEEENtNtB6_2ic6DS3234E31use_int_sqw_output_as_interruptCstlhY7MGOLb_13configuration
FNDA:1,_RNvMNtNtCshp8WEvMCFLY_6ds323x6ds323x13configurationINtB6_6Ds323xINtNtB6_9interface12SpiInterfaceINtNtCscnC7d4ZmEvv_17embedded_hal_mock6common7GenericINtNtNtB1B_3eh13spi11TransactionhEEENtNtB6_2ic6DS3234E33use_int_sqw_output_as_square_waveCstlhY7MGOLb_13configuration
FNDA:3,_RNvMNtNtCshp8WEvMCFLY_6ds323x6ds323x13configurationINtB6_6Ds323xINtNtB6_9interface12SpiInterfaceINtNtCscnC7d4ZmEvv_17embedded_hal_mock6common7GenericINtNtNtB1B_3eh13spi11TransactionhEEENtNtB6_2ic6DS3234E35write_status_without_clearing_alarmCstlhY7MGOLb_13configuration
FNDA:1,_RNvMNtNtCshp8WEvMCFLY_6ds323x6ds323x13configurationINtB6_6Ds323xINtNtB6_9interface12SpiInterfaceINtNtCscnC7d4ZmEvv_17embedded_hal_mock6common7GenericINtNtNtB1B_3eh13spi11TransactionhEEENtNtB6_2ic6DS3234E6enableCstlhY7MGOLb_13configuration
FNDA:1,_RNvMNtNtCshp8WEvMCFLY_6ds323x6ds323x13configurationINtB6_6Ds323xINtNtB6_9interface12SpiInterfaceINtNtCscnC7d4ZmEvv_17embedded_hal_mock6common7GenericINtNtNtB1B_3eh13spi11TransactionhEEENtNtB6_2ic6DS3234E7disableCstlhY7MGOLb_13configuration
FNDA:6,_RNvMNtNtCshp8WEvMCFLY_6ds323x6ds323x13configurationINtB6_6Ds323xINtNtB6_9interface12I2cInterfaceINtNtCscnC7d4ZmEvv_17embedded_hal_mock6common7GenericNtNtNtB1B_3eh13i2c11TransactionEENtNtB6_2ic6DS3232E35write_status_without_clearing_alarmCsiFCoyleaSby_8ds3232_4
FNDA:6,_RNvMNtNtCshp8WEvMCFLY_6ds323x6ds323x13configurationINtB6_6Ds323xINtNtB6_9interface12SpiInterfaceINtNtCscnC7d4ZmEvv_17embedded_hal_mock6common7GenericINtNtNtB1B_3eh13spi11TransactionhEEENtNtB6_2ic6DS3234E35write_status_without_clearing_alarmCsiFCoyleaSby_8ds3232_4
FNDA:0,_RNvMNtNtCs2wcMRR3yjZe_6ds323x6ds323x13configurationINtB6_6Ds323xppE12aging_offsetB6_
FNDA:0,_RNvMNtNtCs2wcMRR3yjZe_6ds323x6ds323x13configurationINtB6_6Ds323xppE13write_controlB6_
FNDA:0,_RNvMNtNtCs2wcMRR3yjZe_6ds323x6ds323x13configurationINtB6_6Ds323xppE16set_aging_offsetB6_
FNDA:0,_RNvMNtNtCs2wcMRR3yjZe_6ds323x6ds323x13configurationINtB6_6Ds323xppE18enable_square_waveB6_
FNDA:0,_RNvMNtNtCs2wcMRR3yjZe_6ds323x6ds323x13configurationINtB6_6Ds323xppE19convert_temperatureB6_
FNDA:0,_RNvMNtNtCs2wcMRR3yjZe_6ds323x6ds323x13configurationINtB6_6Ds323xppE19disable_square_waveB6_
FNDA:0,_RNvMNtNtCs2wcMRR3yjZe_6ds323x6ds323x13configurationINtB6_6Ds323xppE19enable_32khz_outputB6_
FNDA:0,_RNvMNtNtCs2wcMRR3yjZe_6ds323x6ds323x13configurationINtB6_6Ds323xppE20disable_32khz_outputB6_
FNDA:0,_RNvMNtNtCs2wcMRR3yjZe_6ds323x6ds323x13configurationINtB6_6Ds323xppE24enable_alarm1_interruptsB6_
FNDA:0,_RNvMNtNtCs2wcMRR3yjZe_6ds323x6ds323x13configurationINtB6_6Ds323xppE24enable_alarm2_interruptsB6_
FNDA:0,_RNvMNtNtCs2wcMRR3yjZe_6ds323x6ds323x13configurationINtB6_6Ds323xppE25disable_alarm1_interruptsB6_
FNDA:0,_RNvMNtNtCs2wcMRR3yjZe_6ds323x6ds323x13configurationINtB6_6Ds323xppE25disable_alarm2_interruptsB6_
FNDA:0,_RNvMNtNtCs2wcMRR3yjZe_6ds323x6ds323x13configurationINtB6_6Ds323xppE25set_square_wave_frequencyB6_
FNDA:0,_RNvMNtNtCs2wcMRR3yjZe_6ds323x6ds323x13configurationINtB6_6Ds323xppE31use_int_sqw_output_as_interruptB6_
FNDA:0,_RNvMNtNtCs2wcMRR3yjZe_6ds323x6ds323x13configurationINtB6_6Ds323xppE33use_int_sqw_output_as_square_waveB6_
FNDA:0,_RNvMNtNtCs2wcMRR3yjZe_6ds323x6ds323x13configurationINtB6_6Ds323xppE35write_status_without_clearing_alarmB6_
FNDA:0,_RNvMNtNtCs2wcMRR3yjZe_6ds323x6ds323x13configurationINtB6_6Ds323xppE6enableB6_
FNDA:0,_RNvMNtNtCs2wcMRR3yjZe_6ds323x6ds323x13configurationINtB6_6Ds323xppE7disableB6_
FNF:18
FNH:18
DA:13,3
DA:14,3
DA:15,3
DA:16,3
DA:19,3
DA:20,3
DA:21,3
DA:22,3
DA:27,6
DA:28,6
DA:30,6
DA:31,3
DA:32,3
DA:33,3
DA:34,6
DA:35,6
DA:38,3
DA:39,3
DA:40,3
DA:41,3
DA:44,3
DA:45,3
DA:46,3
DA:47,3
DA:50,6
DA:51,6
DA:52,6
DA:53,6
DA:56,6
DA:57,6
DA:58,6
DA:59,6
DA:62,3
DA:63,3
DA:64,3
DA:65,3
DA:68,3
DA:69,3
DA:70,3
DA:71,3
DA:74,3
DA:75,3
DA:76,3
DA:77,3
DA:80,3
DA:81,3
DA:82,3
DA:83,3
DA:86,12
DA:87,12
DA:88,3
DA:89,3
DA:90,3
DA:91,3
DA:93,12
DA:94,12
DA:97,3
DA:98,3
DA:99,3
DA:100,3
DA:103,3
DA:104,3
DA:105,3
DA:106,3
DA:109,3
DA:110,3
DA:111,3
DA:112,3
DA:115,3
DA:116,3
DA:117,3
DA:118,3
DA:120,42
DA:121,42
DA:122,42
DA:123,42
DA:124,42
DA:126,21
DA:127,21
DA:128,21
DA:129,21
DA:131,21
DA:132,21
[...]
FNDA:1,_RNvMNtNtCshp8WEvMCFLY_6ds323x6ds323x6statusINtB6_6Ds323xINtNtB6_9interface12I2cInterfaceINtNtCscnC7d4ZmEvv_17embedded_hal_mock6common7GenericNtNtNtB1t_3eh13i2c11TransactionEENtNtB6_2ic6DS3231E27clear_has_been_stopped_flagCstlhY7MGOLb_13configuration
FNDA:1,_RNvMNtNtCshp8WEvMCFLY_6ds323x6ds323x6statusINtB6_6Ds323xINtNtB6_9interface12I2cInterfaceINtNtCscnC7d4ZmEvv_17embedded_hal_mock6common7GenericNtNtNtB1t_3eh13i2c11TransactionEENtNtB6_2ic6DS3232E25clear_alarm1_matched_flagCstlhY7MGOLb_13configuration
FNDA:1,_RNvMNtNtCshp8WEvMCFLY_6ds323x6ds323x6statusINtB6_6Ds323xINtNtB6_9interface12I2cInterfaceINtNtCscnC7d4ZmEvv_17embedded_hal_mock6common7GenericNtNtNtB1t_3eh13i2c11TransactionEENtNtB6_2ic6DS3232E25clear_alarm2_matched_flagCstlhY7MGOLb_13configuration
FNDA:1,_RNvMNtNtCshp8WEvMCFLY_6ds323x6ds323x6statusINtB6_6Ds323xINtNtB6_9interface12I2cInterfaceINtNtCscnC7d4ZmEvv_17embedded_hal_mock6common7GenericNtNtNtB1t_3eh13i2c11TransactionEENtNtB6_2ic6DS3232E27clear_has_been_stopped_flagCstlhY7MGOLb_13configuration
FNDA:1,_RNvMNtNtCshp8WEvMCFLY_6ds323x6ds323x6statusINtB6_6Ds323xINtNtB6_9interface12SpiInterfaceINtNtCscnC7d4ZmEvv_17embedded_hal_mock6common7GenericINtNtNtB1t_3eh13spi11TransactionhEEENtNtB6_2ic6DS3234E25clear_alarm1_matched_flagCstlhY7MGOLb_13configuration
FNDA:1,_RNvMNtNtCshp8WEvMCFLY_6ds323x6ds323x6statusINtB6_6Ds323xINtNtB6_9interface12SpiInterfaceINtNtCscnC7d4ZmEvv_17embedded_hal_mock6common7GenericINtNtNtB1t_3eh13spi11TransactionhEEENtNtB6_2ic6DS3234E25clear_alarm2_matched_flagCstlhY7MGOLb_13configuration
FNDA:1,_RNvMNtNtCshp8WEvMCFLY_6ds323x6ds323x6statusINtB6_6Ds323xINtNtB6_9interface12SpiInterfaceINtNtCscnC7d4ZmEvv_17embedded_hal_mock6common7GenericINtNtNtB1t_3eh13spi11TransactionhEEENtNtB6_2ic6DS3234E27clear_has_been_stopped_flagCstlhY7MGOLb_13configuration
FNDA:0,_RNvMNtNtCs2wcMRR3yjZe_6ds323x6ds323x6statusINtB6_6Ds323xppE11temperatureB6_
FNDA:0,_RNvMNtNtCs2wcMRR3yjZe_6ds323x6ds323x6statusINtB6_6Ds323xppE16has_been_stoppedB6_
FNDA:0,_RNvMNtNtCs2wcMRR3yjZe_6ds323x6ds323x6statusINtB6_6Ds323xppE18has_alarm1_matchedB6_
FNDA:0,_RNvMNtNtCs2wcMRR3yjZe_6ds323x6ds323x6statusINtB6_6Ds323xppE18has_alarm2_matchedB6_
FNDA:0,_RNvMNtNtCs2wcMRR3yjZe_6ds323x6ds323x6statusINtB6_6Ds323xppE25clear_alarm1_matched_flagB6_
FNDA:0,_RNvMNtNtCs2wcMRR3yjZe_6ds323x6ds323x6statusINtB6_6Ds323xppE25clear_alarm2_matched_flagB6_
FNDA:0,_RNvMNtNtCs2wcMRR3yjZe_6ds323x6ds323x6statusINtB6_6Ds323xppE27clear_has_been_stopped_flagB6_
FNDA:0,_RNvMNtNtCs2wcMRR3yjZe_6ds323x6ds323x6statusINtB6_6Ds323xppE4busyB6_
FNDA:0,_RNvMNtNtCs2wcMRR3yjZe_6ds323x6ds323x6statusINtB6_6Ds323xppE7runningB6_
FNDA:3,_RNvMNtNtCshp8WEvMCFLY_6ds323x6ds323x6statusINtB6_6Ds323xINtNtB6_9interface12I2cInterfaceINtNtCscnC7d4ZmEvv_17embedded_hal_mock6common7GenericNtNtNtB1t_3eh13i2c11TransactionEENtNtB6_2ic6DS3231E11temperatureCsNizRT5xsIC_6status
FNDA:2,_RNvMNtNtCshp8WEvMCFLY_6ds323x6ds323x6statusINtB6_6Ds323xINtNtB6_9interface12I2cInterfaceINtNtCscnC7d4ZmEvv_17embedded_hal_mock6common7GenericNtNtNtB1t_3eh13i2c11TransactionEENtNtB6_2ic6DS3231E16has_been_stoppedCsNizRT5xsIC_6status
FNDA:2,_RNvMNtNtCshp8WEvMCFLY_6ds323x6ds323x6statusINtB6_6Ds323xINtNtB6_9interface12I2cInterfaceINtNtCscnC7d4ZmEvv_17embedded_hal_mock6common7GenericNtNtNtB1t_3eh13i2c11TransactionEENtNtB6_2ic6DS3231E18has_alarm1_matchedCsNizRT5xsIC_6status
FNDA:2,_RNvMNtNtCshp8WEvMCFLY_6ds323x6ds323x6statusINtB6_6Ds323xINtNtB6_9interface12I2cInterfaceINtNtCscnC7d4ZmEvv_17embedded_hal_mock6common7GenericNtNtNtB1t_3eh13i2c11TransactionEENtNtB6_2ic6DS3231E18has_alarm2_matchedCsNizRT5xsIC_6status
FNDA:2,_RNvMNtNtCshp8WEvMCFLY_6ds323x6ds323x6statusINtB6_6Ds323xINtNtB6_9interface12I2cInterfaceINtNtCscnC7d4ZmEvv_17embedded_hal_mock6common7GenericNtNtNtB1t_3eh13i2c11TransactionEENtNtB6_2ic6DS3231E4busyCsNizRT5xsIC_6status
FNDA:2,_RNvMNtNtCshp8WEvMCFLY_6ds323x6ds323x6statusINtB6_6Ds323xINtNtB6_9interface12I2cInterfaceINtNtCscnC7d4ZmEvv_17embedded_hal_mock6common7GenericNtNtNtB1t_3eh13i2c11TransactionEENtNtB6_2ic6DS3231E7runningCsNizRT5xsIC_6status
FNDA:3,_RNvMNtNtCshp8WEvMCFLY_6ds323x6ds323x6statusINtB6_6Ds323xINtNtB6_9interface12I2cInterfaceINtNtCscnC7d4ZmEvv_17embedded_hal_mock6common7GenericNtNtNtB1t_3eh13i2c11TransactionEENtNtB6_2ic6DS3232E11temperatureCsNizRT5xsIC_6status
FNDA:2,_RNvMNtNtCshp8WEvMCFLY_6ds323x6ds323x6statusINtB6_6Ds323xINtNtB6_9interface12I2cInterfaceINtNtCscnC7d4ZmEvv_17embedded_hal_mock6common7GenericNtNtNtB1t_3eh13i2c11TransactionEENtNtB6_2ic6DS3232E16has_been_stoppedCsNizRT5xsIC_6status
FNDA:2,_RNvMNtNtCshp8WEvMCFLY_6ds323x6ds323x6statusINtB6_6Ds323xINtNtB6_9interface12I2cInterfaceINtNtCscnC7d4ZmEvv_17embedded_hal_mock6common7GenericNtNtNtB1t_3eh13i2c11TransactionEENtNtB6_2ic6DS3232E18has_alarm1_matchedCsNizRT5xsIC_6status
FNDA:2,_RNvMNtNtCshp8WEvMCFLY_6ds323x6ds323x6statusINtB6_6Ds323xINtNtB6_9interface12I2cInterfaceINtNtCscnC7d4ZmEvv_17embedded_hal_mock6common7GenericNtNtNtB1t_3eh13i2c11TransactionEENtNtB6_2ic6DS3232E18has_alarm2_matchedCsNizRT5xsIC_6status
FNDA:2,_RNvMNtNtCshp8WEvMCFLY_6ds323x6ds323x6statusINtB6_6Ds323xINtNtB6_9interface12I2cInterfaceINtNtCscnC7d4ZmEvv_17embedded_hal_mock6common7GenericNtNtNtB1t_3eh13i2c11TransactionEENtNtB6_2ic6DS3232E4busyCsNizRT5xsIC_6status
FNDA:2,_RNvMNtNtCshp8WEvMCFLY_6ds323x6ds323x6statusINtB6_6Ds323xINtNtB6_9interface12I2cInterfaceINtNtCscnC7d4ZmEvv_17embedded_hal_mock6common7GenericNtNtNtB1t_3eh13i2c11TransactionEENtNtB6_2ic6DS3232E7runningCsNizRT5xsIC_6status
FNDA:3,_RNvMNtNtCshp8WEvMCFLY_6ds323x6ds323x6statusINtB6_6Ds323xINtNtB6_9interface12SpiInterfaceINtNtCscnC7d4ZmEvv_17embedded_hal_mock6common7GenericINtNtNtB1t_3eh13spi11TransactionhEEENtNtB6_2ic6DS3234E11temperatureCsNizRT5xsIC_6status
FNDA:2,_RNvMNtNtCshp8WEvMCFLY_6ds323x6ds323x6statusINtB6_6Ds323xINtNtB6_9interface12SpiInterfaceINtNtCscnC7d4ZmEvv_17embedded_hal_mock6common7GenericINtNtNtB1t_3eh13spi11TransactionhEEENtNtB6_2ic6DS3234E16has_been_stoppedCsNizRT5xsIC_6status
FNDA:2,_RNvMNtNtCshp8WEvMCFLY_6ds323x6ds323x6statusINtB6_6Ds323xINtNtB6_9interface12SpiInterfaceINtNtCscnC7d4ZmEvv_17embedded_hal_mock6common7GenericINtNtNtB1t_3eh13spi11TransactionhEEENtNtB6_2ic6DS3234E18has_alarm1_matchedCsNizRT5xsIC_6status
FNDA:2,_RNvMNtNtCshp8WEvMCFLY_6ds323x6ds323x6statusINtB6_6Ds323xINtNtB6_9interface12SpiInterfaceINtNtCscnC7d4ZmEvv_17embedded_hal_mock6common7GenericINtNtNtB1t_3eh13spi11TransactionhEEENtNtB6_2ic6DS3234E18has_alarm2_matchedCsNizRT5xsIC_6status
FNDA:2,_RNvMNtNtCshp8WEvMCFLY_6ds323x6ds323x6statusINtB6_6Ds323xINtNtB6_9interface12SpiInterfaceINtNtCscnC7d4ZmEvv_17embedded_hal_mock6common7GenericINtNtNtB1t_3eh13spi11TransactionhEEENtNtB6_2ic6DS3234E4busyCsNizRT5xsIC_6status
FNDA:2,_RNvMNtNtCshp8WEvMCFLY_6ds323x6ds323x6statusINtB6_6Ds323xINtNtB6_9interface12SpiInterfaceINtNtCscnC7d4ZmEvv_17embedded_hal_mock6common7GenericINtNtNtB1t_3eh13spi11TransactionhEEENtNtB6_2ic6DS3234E7runningCsNizRT5xsIC_6status
FNF:9
FNH:9
DA:13,6
DA:14,6
DA:15,6
DA:16,6
DA:19,6
DA:20,6
DA:21,6
DA:22,6
DA:31,6
DA:32,6
DA:33,6
DA:34,6
DA:40,3
DA:41,3
DA:42,3
DA:43,3
DA:49,6
DA:50,6
DA:51,6
DA:52,6
DA:57,3
DA:58,3
DA:59,3
DA:60,3
DA:66,6
DA:67,6
DA:68,6
DA:69,6
DA:74,3
DA:75,3
DA:76,3
DA:77,3
DA:83,9
DA:84,9
DA:85,9
DA:86,9
DA:87,9
DA:88,9
DA:89,3
DA:90,3
DA:92,6
DA:94,9
BRF:0
BRH:0
LF:42
LH:42
end_of_record
SF:/home/paul/development/ds323x-rs/src/interface.rs
FN:42,_RNvXNtCshp8WEvMCFLY_6ds323x9interfaceINtB2_12I2cInterfaceINtNtCscnC7d4ZmEvv_17embedded_hal_mock6common7GenericNtNtNtBY_3eh13i2c11TransactionEENtB2_9WriteData10write_dataCsesRqBrt6Vrf_6alarms
FN:57,_RNvXs_NtCshp8WEvMCFLY_6ds323x9interfaceINtB4_12SpiInterfaceINtNtCscnC7d4ZmEvv_17embedded_hal_mock6common7GenericINtNtNtB10_3eh13spi11TransactionhEEENtB4_9WriteData10write_dataCsesRqBrt6Vrf_6alarms
FN:42,_RNvXININtCshp8WEvMCFLY_6ds323x9interface0ppEINtB5_12I2cInterfacepENtB5_9WriteData10write_dataB7_
FN:35,_RNvXININtCshp8WEvMCFLY_6ds323x9interface0ppEINtB5_12I2cInterfacepENtB5_9WriteData14write_registerB7_
FN:78,_RNvXININtCshp8WEvMCFLY_6ds323x9interfaces0_0ppEINtB5_12I2cInterfacepENtB5_8ReadData13read_registerB7_
FN:86,_RNvXININtCshp8WEvMCFLY_6ds323x9interfaces0_0ppEINtB5_12I2cInterfacepENtB5_8ReadData9read_dataB7_
FN:99,_RNvXININtCshp8WEvMCFLY_6ds323x9interfaces1_0ppEINtB5_12SpiInterfacepENtB5_8ReadData13read_registerB7_
FN:105,_RNvXININtCshp8WEvMCFLY_6ds323x9interfaces1_0ppEINtB5_12SpiInterfacepENtB5_8ReadData9read_dataB7_
FN:57,_RNvXININtCshp8WEvMCFLY_6ds323x9interfaces_0ppEINtB5_12SpiInterfacepENtB5_9WriteData10write_dataB7_
FN:52,_RNvXININtCshp8WEvMCFLY_6ds323x9interfaces_0ppEINtB5_12SpiInterfacepENtB5_9WriteData14write_registerB7_
FN:35,_RNvXNtCshp8WEvMCFLY_6ds323x9interfaceINtB2_12I2cInterfaceINtNtCscnC7d4ZmEvv_17embedded_hal_mock6common7GenericNtNtNtBY_3eh13i2c11TransactionEENtB2_9WriteData14write_registerCstlhY7MGOLb_13configuration
FN:78,_RNvXs0_NtCshp8WEvMCFLY_6ds323x9interfaceINtB5_12I2cInterfaceINtNtCscnC7d4ZmEvv_17embedded_hal_mock6common7GenericNtNtNtB11_3eh13i2c11TransactionEENtB5_8ReadData13read_registerCstlhY7MGOLb_13configuration
FN:99,_RNvXs1_NtCshp8WEvMCFLY_6ds323x9interfaceINtB5_12SpiInterfaceINtNtCscnC7d4ZmEvv_17embedded_hal_mock6common7GenericINtNtNtB11_3eh13spi11TransactionhEEENtB5_8ReadData13read_registerCstlhY7MGOLb_13configuration
FN:52,_RNvXs_NtCshp8WEvMCFLY_6ds323x9interfaceINtB4_12SpiInterfaceINtNtCscnC7d4ZmEvv_17embedded_hal_mock6common7GenericINtNtNtB10_3eh13spi11TransactionhEEENtB4_9WriteData14write_registerCstlhY7MGOLb_13configuration
FN:42,_RNvXNtCshp8WEvMCFLY_6ds323x9interfaceINtB2_12I2cInterfaceINtNtCscnC7d4ZmEvv_17embedded_hal_mock6common7GenericNtNtNtBY_3eh13i2c11TransactionEENtB2_9WriteData10write_dataCsf5dsBaarwEj_8datetime
FN:35,_RNvXNtCshp8WEvMCFLY_6ds323x9interfaceINtB2_12I2cInterfaceINtNtCscnC7d4ZmEvv_17embedded_hal_mock6common7GenericNtNtNtBY_3eh13i2c11TransactionEENtB2_9WriteData14write_registerCsf5dsBaarwEj_8datetime
FN:78,_RNvXs0_NtCshp8WEvMCFLY_6ds323x9interfaceINtB5_12I2cInterfaceINtNtCscnC7d4ZmEvv_17embedded_hal_mock6common7GenericNtNtNtB11_3eh13i2c11TransactionEENtB5_8ReadData13read_registerCsf5dsBaarwEj_8datetime
FN:86,_RNvXs0_NtCshp8WEvMCFLY_6ds323x9interfaceINtB5_12I2cInterfaceINtNtCscnC7d4ZmEvv_17embedded_hal_mock6common7GenericNtNtNtB11_3eh13i2c11TransactionEENtB5_8ReadData9read_dataCsf5dsBaarwEj_8datetime
FN:99,_RNvXs1_NtCshp8WEvMCFLY_6ds323x9interfaceINtB5_12SpiInterfaceINtNtCscnC7d4ZmEvv_17embedded_hal_mock6common7GenericINtNtNtB11_3eh13spi11TransactionhEEENtB5_8ReadData13read_registerCsf5dsBaarwEj_8datetime
FN:105,_RNvXs1_NtCshp8WEvMCFLY_6ds323x9interfaceINtB5_12SpiInterfaceINtNtCscnC7d4ZmEvv_17embedded_hal_mock6common7GenericINtNtNtB11_3eh13spi11TransactionhEEENtB5_8ReadData9read_dataCsf5dsBaarwEj_8datetime
FN:57,_RNvXs_NtCshp8WEvMCFLY_6ds323x9interfaceINtB4_12SpiInterfaceINtNtCscnC7d4ZmEvv_17embedded_hal_mock6common7GenericINtNtNtB10_3eh13spi11TransactionhEEENtB4_9WriteData10write_dataCsf5dsBaarwEj_8datetime
FN:52,_RNvXs_NtCshp8WEvMCFLY_6ds323x9interfaceINtB4_12SpiInterfaceINtNtCscnC7d4ZmEvv_17embedded_hal_mock6common7GenericINtNtNtB10_3eh13spi11TransactionhEEENtB4_9WriteData14write_registerCsf5dsBaarwEj_8datetime
FN:35,_RNvXNtCshp8WEvMCFLY_6ds323x9interfaceINtB2_12I2cInterfaceINtNtCscnC7d4ZmEvv_17embedded_hal_mock6common7GenericNtNtNtBY_3eh13i2c11TransactionEENtB2_9WriteData14write_registerCsiFCoyleaSby_8ds3232_4
FN:52,_RNvXs_NtCshp8WEvMCFLY_6ds323x9interfaceINtB4_12SpiInterfaceINtNtCscnC7d4ZmEvv_17embedded_hal_mock6common7GenericINtNtNtB10_3eh13spi11TransactionhEEENtB4_9WriteData14write_registerCsiFCoyleaSby_8ds3232_4
FN:52,_RNvXs_NtCshp8WEvMCFLY_6ds323x9interfaceINtB4_12SpiInterfaceINtNtCscnC7d4ZmEvv_17embedded_hal_mock6common7GenericINtNtNtB10_3eh13spi11TransactionhEEENtB4_9WriteData14write_registerCs30t6MGjJsoB_6ds3234
FN:42,_RNvXININtCs2wcMRR3yjZe_6ds323x9interface0ppEINtB5_12I2cInterfacepENtB5_9WriteData10write_dataB7_
FN:35,_RNvXININtCs2wcMRR3yjZe_6ds323x9interface0ppEINtB5_12I2cInterfacepENtB5_9WriteData14write_registerB7_
FN:78,_RNvXININtCs2wcMRR3yjZe_6ds323x9interfaces0_0ppEINtB5_12I2cInterfacepENtB5_8ReadData13read_registerB7_
FN:86,_RNvXININtCs2wcMRR3yjZe_6ds323x9interfaces0_0ppEINtB5_12I2cInterfacepENtB5_8ReadData9read_dataB7_
FN:99,_RNvXININtCs2wcMRR3yjZe_6ds323x9interfaces1_0ppEINtB5_12SpiInterfacepENtB5_8ReadData13read_registerB7_
FN:105,_RNvXININtCs2wcMRR3yjZe_6ds323x9interfaces1_0ppEINtB5_12SpiInterfacepENtB5_8ReadData9read_dataB7_
FN:57,_RNvXININtCs2wcMRR3yjZe_6ds323x9interfaces_0ppEINtB5_12SpiInterfacepENtB5_9WriteData10write_dataB7_
FN:52,_RNvXININtCs2wcMRR3yjZe_6ds323x9interfaces_0ppEINtB5_12SpiInterfacepENtB5_9WriteData14write_registerB7_
FN:78,_RNvXs0_NtCshp8WEvMCFLY_6ds323x9interfaceINtB5_12I2cInterfaceINtNtCscnC7d4ZmEvv_17embedded_hal_mock6common7GenericNtNtNtB11_3eh13i2c11TransactionEENtB5_8ReadData13read_registerCsNizRT5xsIC_6status
FN:86,_RNvXs0_NtCshp8WEvMCFLY_6ds323x9interfaceINtB5_12I2cInterfaceINtNtCscnC7d4ZmEvv_17embedded_hal_mock6common7GenericNtNtNtB11_3eh13i2c11TransactionEENtB5_8ReadData9read_dataCsNizRT5xsIC_6status
FN:99,_RNvXs1_NtCshp8WEvMCFLY_6ds323x9interfaceINtB5_12SpiInterfaceINtNtCscnC7d4ZmEvv_17embedded_hal_mock6common7GenericINtNtNtB11_3eh13spi11TransactionhEEENtB5_8ReadData13read_registerCsNizRT5xsIC_6status
FN:105,_RNvXs1_NtCshp8WEvMCFLY_6ds323x9interfaceINtB5_12SpiInterfaceINtNtCscnC7d4ZmEvv_17embedded_hal_mock6common7GenericINtNtNtB11_3eh13spi11TransactionhEEENtB5_8ReadData9read_dataCsNizRT5xsIC_6status
FNDA:82,_RNvXNtCshp8WEvMCFLY_6ds323x9interfaceINtB2_12I2cInterfaceINtNtCscnC7d4ZmEvv_17embedded_hal_mock6common7GenericNtNtNtBY_3eh13i2c11TransactionEENtB2_9WriteData10write_dataCsesRqBrt6Vrf_6alarms
FNDA:41,_RNvXs_NtCshp8WEvMCFLY_6ds323x9interfaceINtB4_12SpiInterfaceINtNtCscnC7d4ZmEvv_17embedded_hal_mock6common7GenericINtNtNtB10_3eh13spi11TransactionhEEENtB4_9WriteData10write_dataCsesRqBrt6Vrf_6alarms
FNDA:0,_RNvXININtCshp8WEvMCFLY_6ds323x9interface0ppEINtB5_12I2cInterfacepENtB5_9WriteData10write_dataB7_
FNDA:0,_RNvXININtCshp8WEvMCFLY_6ds323x9interface0ppEINtB5_12I2cInterfacepENtB5_9WriteData14write_registerB7_
FNDA:0,_RNvXININtCshp8WEvMCFLY_6ds323x9interfaces0_0ppEINtB5_12I2cInterfacepENtB5_8ReadData13read_registerB7_
FNDA:0,_RNvXININtCshp8WEvMCFLY_6ds323x9interfaces0_0ppEINtB5_12I2cInterfacepENtB5_8ReadData9read_dataB7_
FNDA:0,_RNvXININtCshp8WEvMCFLY_6ds323x9interfaces1_0ppEINtB5_12SpiInterfacepENtB5_8ReadData13read_registerB7_
FNDA:0,_RNvXININtCshp8WEvMCFLY_6ds323x9interfaces1_0ppEINtB5_12SpiInterfacepENtB5_8ReadData9read_dataB7_
FNDA:0,_RNvXININtCshp8WEvMCFLY_6ds323x9interfaces_0ppEINtB5_12SpiInterfacepENtB5_9WriteData10write_dataB7_
FNDA:0,_RNvXININtCshp8WEvMCFLY_6ds323x9interfaces_0ppEINtB5_12SpiInterfacepENtB5_9WriteData14write_registerB7_
FNDA:44,_RNvXNtCshp8WEvMCFLY_6ds323x9interfaceINtB2_12I2cInterfaceINtNtCscnC7d4ZmEvv_17embedded_hal_mock6common7GenericNtNtNtBY_3eh13i2c11TransactionEENtB2_9WriteData14write_registerCstlhY7MGOLb_13configuration
FNDA:8,_RNvXs0_NtCshp8WEvMCFLY_6ds323x9interfaceINtB5_12I2cInterfaceINtNtCscnC7d4ZmEvv_17embedded_hal_mock6common7GenericNtNtNtB11_3eh13i2c11TransactionEENtB5_8ReadData13read_registerCstlhY7MGOLb_13configuration
FNDA:4,_RNvXs1_NtCshp8WEvMCFLY_6ds323x9interfaceINtB5_12SpiInterfaceINtNtCscnC7d4ZmEvv_17embedded_hal_mock6common7GenericINtNtNtB11_3eh13spi11TransactionhEEENtB5_8ReadData13read_registerCstlhY7MGOLb_13configuration
FNDA:22,_RNvXs_NtCshp8WEvMCFLY_6ds323x9interfaceINtB4_12SpiInterfaceINtNtCscnC7d4ZmEvv_17embedded_hal_mock6common7GenericINtNtNtB10_3eh13spi11TransactionhEEENtB4_9WriteData14write_registerCstlhY7MGOLb_13configuration
FNDA:12,_RNvXNtCshp8WEvMCFLY_6ds323x9interfaceINtB2_12I2cInterfaceINtNtCscnC7d4ZmEvv_17embedded_hal_mock6common7GenericNtNtNtBY_3eh13i2c11TransactionEENtB2_9WriteData10write_dataCsf5dsBaarwEj_8datetime
FNDA:18,_RNvXNtCshp8WEvMCFLY_6ds323x9interfaceINtB2_12I2cInterfaceINtNtCscnC7d4ZmEvv_17embedded_hal_mock6common7GenericNtNtNtBY_3eh13i2c11TransactionEENtB2_9WriteData14write_registerCsf5dsBaarwEj_8datetime
FNDA:26,_RNvXs0_NtCshp8WEvMCFLY_6ds323x9interfaceINtB5_12I2cInterfaceINtNtCscnC7d4ZmEvv_17embedded_hal_mock6common7GenericNtNtNtB11_3eh13i2c11TransactionEENtB5_8ReadData13read_registerCsf5dsBaarwEj_8datetime
FNDA:10,_RNvXs0_NtCshp8WEvMCFLY_6ds323x9interfaceINtB5_12I2cInterfaceINtNtCscnC7d4ZmEvv_17embedded_hal_mock6common7GenericNtNtNtB11_3eh13i2c11TransactionEENtB5_8ReadData9read_dataCsf5dsBaarwEj_8datetime
FNDA:13,_RNvXs1_NtCshp8WEvMCFLY_6ds323x9interfaceINtB5_12SpiInterfaceINtNtCscnC7d4ZmEvv_17embedded_hal_mock6common7GenericINtNtNtB11_3eh13spi11TransactionhEEENtB5_8ReadData13read_registerCsf5dsBaarwEj_8datetime
FNDA:5,_RNvXs1_NtCshp8WEvMCFLY_6ds323x9interfaceINtB5_12SpiInterfaceINtNtCscnC7d4ZmEvv_17embedded_hal_mock6common7GenericINtNtNtB11_3eh13spi11TransactionhEEENtB5_8ReadData9read_dataCsf5dsBaarwEj_8datetime
FNDA:6,_RNvXs_NtCshp8WEvMCFLY_6ds323x9interfaceINtB4_12SpiInterfaceINtNtCscnC7d4ZmEvv_17embedded_hal_mock6common7GenericINtNtNtB10_3eh13spi11TransactionhEEENtB4_9WriteData10write_dataCsf5dsBaarwEj_8datetime
FNDA:9,_RNvXs_NtCshp8WEvMCFLY_6ds323x9interfaceINtB4_12SpiInterfaceINtNtCscnC7d4ZmEvv_17embedded_hal_mock6common7GenericINtNtNtB10_3eh13spi11TransactionhEEENtB4_9WriteData14write_registerCsf5dsBaarwEj_8datetime
FNDA:6,_RNvXNtCshp8WEvMCFLY_6ds323x9interfaceINtB2_12I2cInterfaceINtNtCscnC7d4ZmEvv_17embedded_hal_mock6common7GenericNtNtNtBY_3eh13i2c11TransactionEENtB2_9WriteData14write_registerCsiFCoyleaSby_8ds3232_4
FNDA:6,_RNvXs_NtCshp8WEvMCFLY_6ds323x9interfaceINtB4_12SpiInterfaceINtNtCscnC7d4ZmEvv_17embedded_hal_mock6common7GenericINtNtNtB10_3eh13spi11TransactionhEEENtB4_9WriteData14write_registerCsiFCoyleaSby_8ds3232_4
FNDA:2,_RNvXs_NtCshp8WEvMCFLY_6ds323x9interfaceINtB4_12SpiInterfaceINtNtCscnC7d4ZmEvv_17embedded_hal_mock6common7GenericINtNtNtB10_3eh13spi11TransactionhEEENtB4_9WriteData14write_registerCs30t6MGjJsoB_6ds3234
FNDA:0,_RNvXININtCs2wcMRR3yjZe_6ds323x9interface0ppEINtB5_12I2cInterfacepENtB5_9WriteData10write_dataB7_
FNDA:0,_RNvXININtCs2wcMRR3yjZe_6ds323x9interface0ppEINtB5_12I2cInterfacepENtB5_9WriteData14write_registerB7_
FNDA:0,_RNvXININtCs2wcMRR3yjZe_6ds323x9interfaces0_0ppEINtB5_12I2cInterfacepENtB5_8ReadData13read_registerB7_
FNDA:0,_RNvXININtCs2wcMRR3yjZe_6ds323x9interfaces0_0ppEINtB5_12I2cInterfacepENtB5_8ReadData9read_dataB7_
FNDA:0,_RNvXININtCs2wcMRR3yjZe_6ds323x9interfaces1_0ppEINtB5_12SpiInterfacepENtB5_8ReadData13read_registerB7_
FNDA:0,_RNvXININtCs2wcMRR3yjZe_6ds323x9interfaces1_0ppEINtB5_12SpiInterfacepENtB5_8ReadData9read_dataB7_
FNDA:0,_RNvXININtCs2wcMRR3yjZe_6ds323x9interfaces_0ppEINtB5_12SpiInterfacepENtB5_9WriteData10write_dataB7_
FNDA:0,_RNvXININtCs2wcMRR3yjZe_6ds323x9interfaces_0ppEINtB5_12SpiInterfacepENtB5_9WriteData14write_registerB7_
FNDA:20,_RNvXs0_NtCshp8WEvMCFLY_6ds323x9interfaceINtB5_12I2cInterfaceINtNtCscnC7d4ZmEvv_17embedded_hal_mock6common7GenericNtNtNtB11_3eh13i2c11TransactionEENtB5_8ReadData13read_registerCsNizRT5xsIC_6status
FNDA:6,_RNvXs0_NtCshp8WEvMCFLY_6ds323x9interfaceINtB5_12I2cInterfaceINtNtCscnC7d4ZmEvv_17embedded_hal_mock6common7GenericNtNtNtB11_3eh13i2c11TransactionEENtB5_8ReadData9read_dataCsNizRT5xsIC_6status
FNDA:10,_RNvXs1_NtCshp8WEvMCFLY_6ds323x9interfaceINtB5_12SpiInterfaceINtNtCscnC7d4ZmEvv_17embedded_hal_mock6common7GenericINtNtNtB11_3eh13spi11TransactionhEEENtB5_8ReadData13read_registerCsNizRT5xsIC_6status
FNDA:3,_RNvXs1_NtCshp8WEvMCFLY_6ds323x9interfaceINtB5_12SpiInterfaceINtNtCscnC7d4ZmEvv_17embedded_hal_mock6common7GenericINtNtNtB11_3eh13spi11TransactionhEEENtB5_8ReadData9read_dataCsNizRT5xsIC_6status
FNF:8
FNH:8
DA:35,68
DA:36,68
DA:37,68
DA:38,68
DA:39,68
DA:40,68
DA:42,94
DA:43,94
DA:44,94
DA:52,39
DA:53,39
DA:54,39
DA:55,39
DA:57,47
DA:58,47
DA:59,47
DA:60,47
DA:78,54
DA:79,54
DA:80,54
DA:81,54
DA:82,54
DA:83,54
DA:84,54
DA:86,16
DA:87,16
DA:88,16
DA:89,16
DA:90,16
DA:91,16
DA:99,27
DA:100,27
DA:101,27
DA:102,27
DA:103,27
DA:105,8
DA:106,8
DA:107,8
BRF:0
BRH:0
LF:38
LH:38
end_of_record